TimeQuest Timing Analyzer report for e_e_amm
Sat May 07 01:05:21 2016
Quartus II Version 9.1 Build 222 10/21/2009 SJ Web Edition


---------------------
; Table of Contents ;
---------------------
  1. Legal Notice
  2. TimeQuest Timing Analyzer Summary
  3. Parallel Compilation
  4. SDC File List
  5. Clocks
  6. Slow Model Fmax Summary
  7. Slow Model Setup Summary
  8. Slow Model Hold Summary
  9. Slow Model Recovery Summary
 10. Slow Model Removal Summary
 11. Slow Model Minimum Pulse Width Summary
 12. Propagation Delay
 13. Minimum Propagation Delay
 14. Fast Model Setup Summary
 15. Fast Model Hold Summary
 16. Fast Model Recovery Summary
 17. Fast Model Removal Summary
 18. Fast Model Minimum Pulse Width Summary
 19. Propagation Delay
 20. Minimum Propagation Delay
 21. Multicorner Timing Analysis Summary
 22. Progagation Delay
 23. Minimum Progagation Delay
 24. Clock Transfers
 25. Report TCCS
 26. Report RSKM
 27. Unconstrained Paths
 28. TimeQuest Timing Analyzer Messages



----------------
; Legal Notice ;
----------------
Copyright (C) 1991-2009 Altera Corporation
Your use of Altera Corporation's design tools, logic functions 
and other software and tools, and its AMPP partner logic 
functions, and any output files from any of the foregoing 
(including device programming or simulation files), and any 
associated documentation or information are expressly subject 
to the terms and conditions of the Altera Program License 
Subscription Agreement, Altera MegaCore Function License 
Agreement, or other applicable license agreement, including, 
without limitation, that your use is for the sole purpose of 
programming logic devices manufactured by Altera and sold by 
Altera or its authorized distributors.  Please refer to the 
applicable agreement for further details.



+----------------------------------------------------------------------+
; TimeQuest Timing Analyzer Summary                                    ;
+--------------------+-------------------------------------------------+
; Quartus II Version ; Version 9.1 Build 222 10/21/2009 SJ Web Edition ;
; Revision Name      ; e_e_amm                                         ;
; Device Family      ; Stratix II                                      ;
; Device Name        ; EP2S15F484C3                                    ;
; Timing Models      ; Final                                           ;
; Delay Model        ; Combined                                        ;
; Rise/Fall Delays   ; Unavailable                                     ;
+--------------------+-------------------------------------------------+


Parallel compilation was disabled, but you have multiple processors available. Enable parallel compilation to reduce compilation time.
+-------------------------------------+
; Parallel Compilation                ;
+----------------------------+--------+
; Processors                 ; Number ;
+----------------------------+--------+
; Number detected on machine ; 2      ;
; Maximum allowed            ; 1      ;
+----------------------------+--------+


+---------------------------------------------------+
; SDC File List                                     ;
+---------------+--------+--------------------------+
; SDC File Path ; Status ; Read at                  ;
+---------------+--------+--------------------------+
; e_e_amm.sdc   ; OK     ; Sat May 07 01:05:20 2016 ;
+---------------+--------+--------------------------+


----------
; Clocks ;
----------
No clocks to report.


---------------------------
; Slow Model Fmax Summary ;
---------------------------
No paths to report.


----------------------------
; Slow Model Setup Summary ;
----------------------------
No paths to report.


---------------------------
; Slow Model Hold Summary ;
---------------------------
No paths to report.


-------------------------------
; Slow Model Recovery Summary ;
-------------------------------
No paths to report.


------------------------------
; Slow Model Removal Summary ;
------------------------------
No paths to report.


------------------------------------------
; Slow Model Minimum Pulse Width Summary ;
------------------------------------------
No paths to report.


+--------------------------------------------------------------+
; Propagation Delay                                            ;
+------------+-------------+--------+--------+--------+--------+
; Input Port ; Output Port ; RR     ; RF     ; FR     ; FF     ;
+------------+-------------+--------+--------+--------+--------+
; x[0]       ; p[0]        ; 9.908  ;        ;        ; 9.908  ;
; x[0]       ; p[1]        ; 8.325  ; 8.325  ; 8.325  ; 8.325  ;
; x[0]       ; p[2]        ; 8.976  ; 8.976  ; 8.976  ; 8.976  ;
; x[0]       ; p[3]        ; 9.216  ; 9.216  ; 9.216  ; 9.216  ;
; x[0]       ; p[4]        ; 11.219 ; 11.219 ; 11.219 ; 11.219 ;
; x[0]       ; p[5]        ; 11.860 ; 11.860 ; 11.860 ; 11.860 ;
; x[0]       ; p[6]        ; 12.979 ; 12.979 ; 12.979 ; 12.979 ;
; x[0]       ; p[7]        ; 14.539 ; 14.539 ; 14.539 ; 14.539 ;
; x[0]       ; p[8]        ; 15.330 ; 15.330 ; 15.330 ; 15.330 ;
; x[0]       ; p[9]        ; 16.324 ; 16.324 ; 16.324 ; 16.324 ;
; x[0]       ; p[10]       ; 17.878 ; 17.878 ; 17.878 ; 17.878 ;
; x[0]       ; p[11]       ; 18.182 ; 18.182 ; 18.182 ; 18.182 ;
; x[0]       ; p[12]       ; 19.509 ; 19.509 ; 19.509 ; 19.509 ;
; x[0]       ; p[13]       ; 19.502 ; 19.502 ; 19.502 ; 19.502 ;
; x[0]       ; p[14]       ; 20.183 ; 20.183 ; 20.183 ; 20.183 ;
; x[0]       ; p[15]       ; 20.852 ; 20.852 ; 20.852 ; 20.852 ;
; x[1]       ; p[1]        ; 8.120  ; 8.120  ; 8.120  ; 8.120  ;
; x[1]       ; p[2]        ; 9.319  ; 9.319  ; 9.319  ; 9.319  ;
; x[1]       ; p[3]        ; 9.626  ; 9.626  ; 9.626  ; 9.626  ;
; x[1]       ; p[4]        ; 11.303 ; 11.303 ; 11.303 ; 11.303 ;
; x[1]       ; p[5]        ; 11.944 ; 11.944 ; 11.944 ; 11.944 ;
; x[1]       ; p[6]        ; 13.063 ; 13.063 ; 13.063 ; 13.063 ;
; x[1]       ; p[7]        ; 14.623 ; 14.623 ; 14.623 ; 14.623 ;
; x[1]       ; p[8]        ; 15.414 ; 15.414 ; 15.414 ; 15.414 ;
; x[1]       ; p[9]        ; 16.408 ; 16.408 ; 16.408 ; 16.408 ;
; x[1]       ; p[10]       ; 17.962 ; 17.962 ; 17.962 ; 17.962 ;
; x[1]       ; p[11]       ; 18.266 ; 18.266 ; 18.266 ; 18.266 ;
; x[1]       ; p[12]       ; 19.593 ; 19.593 ; 19.593 ; 19.593 ;
; x[1]       ; p[13]       ; 19.586 ; 19.586 ; 19.586 ; 19.586 ;
; x[1]       ; p[14]       ; 20.267 ; 20.267 ; 20.267 ; 20.267 ;
; x[1]       ; p[15]       ; 20.936 ; 20.936 ; 20.936 ; 20.936 ;
; x[2]       ; p[2]        ; 9.091  ; 9.091  ; 9.091  ; 9.091  ;
; x[2]       ; p[3]        ; 9.379  ; 9.379  ; 9.379  ; 9.379  ;
; x[2]       ; p[4]        ; 11.235 ; 11.235 ; 11.235 ; 11.235 ;
; x[2]       ; p[5]        ; 11.876 ; 11.876 ; 11.876 ; 11.876 ;
; x[2]       ; p[6]        ; 12.995 ; 12.995 ; 12.995 ; 12.995 ;
; x[2]       ; p[7]        ; 14.555 ; 14.555 ; 14.555 ; 14.555 ;
; x[2]       ; p[8]        ; 15.346 ; 15.346 ; 15.346 ; 15.346 ;
; x[2]       ; p[9]        ; 16.340 ; 16.340 ; 16.340 ; 16.340 ;
; x[2]       ; p[10]       ; 17.894 ; 17.894 ; 17.894 ; 17.894 ;
; x[2]       ; p[11]       ; 18.198 ; 18.198 ; 18.198 ; 18.198 ;
; x[2]       ; p[12]       ; 19.525 ; 19.525 ; 19.525 ; 19.525 ;
; x[2]       ; p[13]       ; 19.518 ; 19.518 ; 19.518 ; 19.518 ;
; x[2]       ; p[14]       ; 20.199 ; 20.199 ; 20.199 ; 20.199 ;
; x[2]       ; p[15]       ; 20.868 ; 20.868 ; 20.868 ; 20.868 ;
; x[3]       ; p[3]        ; 9.359  ; 9.359  ; 9.359  ; 9.359  ;
; x[3]       ; p[4]        ; 10.081 ; 10.081 ; 10.081 ; 10.081 ;
; x[3]       ; p[5]        ; 10.855 ; 10.855 ; 10.855 ; 10.855 ;
; x[3]       ; p[6]        ; 11.974 ; 11.974 ; 11.974 ; 11.974 ;
; x[3]       ; p[7]        ; 13.534 ; 13.534 ; 13.534 ; 13.534 ;
; x[3]       ; p[8]        ; 14.682 ; 14.682 ; 14.682 ; 14.682 ;
; x[3]       ; p[9]        ; 15.319 ; 15.319 ; 15.319 ; 15.319 ;
; x[3]       ; p[10]       ; 16.881 ; 16.881 ; 16.881 ; 16.881 ;
; x[3]       ; p[11]       ; 17.185 ; 17.185 ; 17.185 ; 17.185 ;
; x[3]       ; p[12]       ; 18.512 ; 18.512 ; 18.512 ; 18.512 ;
; x[3]       ; p[13]       ; 18.505 ; 18.505 ; 18.505 ; 18.505 ;
; x[3]       ; p[14]       ; 19.186 ; 19.186 ; 19.186 ; 19.186 ;
; x[3]       ; p[15]       ; 19.855 ; 19.855 ; 19.855 ; 19.855 ;
; x[4]       ; p[4]        ; 9.335  ; 9.335  ; 9.335  ; 9.335  ;
; x[4]       ; p[5]        ; 10.133 ; 10.133 ; 10.133 ; 10.133 ;
; x[4]       ; p[6]        ; 11.459 ; 11.459 ; 11.459 ; 11.459 ;
; x[4]       ; p[7]        ; 13.019 ; 13.019 ; 13.019 ; 13.019 ;
; x[4]       ; p[8]        ; 14.250 ; 14.250 ; 14.250 ; 14.250 ;
; x[4]       ; p[9]        ; 14.850 ; 14.850 ; 14.850 ; 14.850 ;
; x[4]       ; p[10]       ; 16.524 ; 16.524 ; 16.524 ; 16.524 ;
; x[4]       ; p[11]       ; 16.828 ; 16.828 ; 16.828 ; 16.828 ;
; x[4]       ; p[12]       ; 18.155 ; 18.155 ; 18.155 ; 18.155 ;
; x[4]       ; p[13]       ; 18.148 ; 18.148 ; 18.148 ; 18.148 ;
; x[4]       ; p[14]       ; 18.829 ; 18.829 ; 18.829 ; 18.829 ;
; x[4]       ; p[15]       ; 19.498 ; 19.498 ; 19.498 ; 19.498 ;
; x[5]       ; p[5]        ; 10.253 ; 10.253 ; 10.253 ; 10.253 ;
; x[5]       ; p[6]        ; 11.579 ; 11.579 ; 11.579 ; 11.579 ;
; x[5]       ; p[7]        ; 13.139 ; 13.139 ; 13.139 ; 13.139 ;
; x[5]       ; p[8]        ; 14.041 ; 14.041 ; 14.041 ; 14.041 ;
; x[5]       ; p[9]        ; 14.955 ; 14.955 ; 14.955 ; 14.955 ;
; x[5]       ; p[10]       ; 16.644 ; 16.644 ; 16.644 ; 16.644 ;
; x[5]       ; p[11]       ; 16.948 ; 16.948 ; 16.948 ; 16.948 ;
; x[5]       ; p[12]       ; 18.275 ; 18.275 ; 18.275 ; 18.275 ;
; x[5]       ; p[13]       ; 18.268 ; 18.268 ; 18.268 ; 18.268 ;
; x[5]       ; p[14]       ; 18.949 ; 18.949 ; 18.949 ; 18.949 ;
; x[5]       ; p[15]       ; 19.618 ; 19.618 ; 19.618 ; 19.618 ;
; x[6]       ; p[6]        ; 11.226 ; 11.226 ; 11.226 ; 11.226 ;
; x[6]       ; p[7]        ; 12.786 ; 12.786 ; 12.786 ; 12.786 ;
; x[6]       ; p[8]        ; 13.924 ; 13.924 ; 13.924 ; 13.924 ;
; x[6]       ; p[9]        ; 14.571 ; 14.571 ; 14.571 ; 14.571 ;
; x[6]       ; p[10]       ; 16.124 ; 16.124 ; 16.124 ; 16.124 ;
; x[6]       ; p[11]       ; 16.428 ; 16.428 ; 16.428 ; 16.428 ;
; x[6]       ; p[12]       ; 17.755 ; 17.755 ; 17.755 ; 17.755 ;
; x[6]       ; p[13]       ; 17.748 ; 17.748 ; 17.748 ; 17.748 ;
; x[6]       ; p[14]       ; 18.429 ; 18.429 ; 18.429 ; 18.429 ;
; x[6]       ; p[15]       ; 19.098 ; 19.098 ; 19.098 ; 19.098 ;
; x[7]       ; p[7]        ; 11.974 ; 11.974 ; 11.974 ; 11.974 ;
; x[7]       ; p[8]        ; 14.247 ; 14.247 ; 14.247 ; 14.247 ;
; x[7]       ; p[9]        ; 14.847 ; 14.847 ; 14.847 ; 14.847 ;
; x[7]       ; p[10]       ; 16.119 ; 16.119 ; 16.119 ; 16.119 ;
; x[7]       ; p[11]       ; 16.486 ; 16.486 ; 16.486 ; 16.486 ;
; x[7]       ; p[12]       ; 17.813 ; 17.813 ; 17.813 ; 17.813 ;
; x[7]       ; p[13]       ; 17.806 ; 17.806 ; 17.806 ; 17.806 ;
; x[7]       ; p[14]       ; 18.487 ; 18.487 ; 18.487 ; 18.487 ;
; x[7]       ; p[15]       ; 19.156 ; 19.156 ; 19.156 ; 19.156 ;
; y[0]       ; p[0]        ; 10.327 ;        ;        ; 10.327 ;
; y[0]       ; p[1]        ; 8.744  ; 8.744  ; 8.744  ; 8.744  ;
; y[0]       ; p[2]        ; 9.222  ; 9.222  ; 9.222  ; 9.222  ;
; y[0]       ; p[3]        ; 9.642  ; 9.642  ; 9.642  ; 9.642  ;
; y[0]       ; p[4]        ; 10.364 ; 10.364 ; 10.364 ; 10.364 ;
; y[0]       ; p[5]        ; 11.138 ; 11.138 ; 11.138 ; 11.138 ;
; y[0]       ; p[6]        ; 12.257 ; 12.257 ; 12.257 ; 12.257 ;
; y[0]       ; p[7]        ; 13.817 ; 13.817 ; 13.817 ; 13.817 ;
; y[0]       ; p[8]        ; 14.715 ; 14.715 ; 14.715 ; 14.715 ;
; y[0]       ; p[9]        ; 15.602 ; 15.602 ; 15.602 ; 15.602 ;
; y[0]       ; p[10]       ; 17.156 ; 17.156 ; 17.156 ; 17.156 ;
; y[0]       ; p[11]       ; 17.460 ; 17.460 ; 17.460 ; 17.460 ;
; y[0]       ; p[12]       ; 18.787 ; 18.787 ; 18.787 ; 18.787 ;
; y[0]       ; p[13]       ; 18.780 ; 18.780 ; 18.780 ; 18.780 ;
; y[0]       ; p[14]       ; 19.461 ; 19.461 ; 19.461 ; 19.461 ;
; y[0]       ; p[15]       ; 20.130 ; 20.130 ; 20.130 ; 20.130 ;
; y[1]       ; p[1]        ; 8.510  ; 8.510  ; 8.510  ; 8.510  ;
; y[1]       ; p[2]        ; 9.181  ; 9.181  ; 9.181  ; 9.181  ;
; y[1]       ; p[3]        ; 9.274  ; 9.274  ; 9.274  ; 9.274  ;
; y[1]       ; p[4]        ; 10.033 ; 10.033 ; 10.033 ; 10.033 ;
; y[1]       ; p[5]        ; 10.839 ; 10.839 ; 10.839 ; 10.839 ;
; y[1]       ; p[6]        ; 12.165 ; 12.165 ; 12.165 ; 12.165 ;
; y[1]       ; p[7]        ; 13.725 ; 13.725 ; 13.725 ; 13.725 ;
; y[1]       ; p[8]        ; 14.956 ; 14.956 ; 14.956 ; 14.956 ;
; y[1]       ; p[9]        ; 15.556 ; 15.556 ; 15.556 ; 15.556 ;
; y[1]       ; p[10]       ; 17.230 ; 17.230 ; 17.230 ; 17.230 ;
; y[1]       ; p[11]       ; 17.534 ; 17.534 ; 17.534 ; 17.534 ;
; y[1]       ; p[12]       ; 18.861 ; 18.861 ; 18.861 ; 18.861 ;
; y[1]       ; p[13]       ; 18.854 ; 18.854 ; 18.854 ; 18.854 ;
; y[1]       ; p[14]       ; 19.535 ; 19.535 ; 19.535 ; 19.535 ;
; y[1]       ; p[15]       ; 20.204 ; 20.204 ; 20.204 ; 20.204 ;
; y[2]       ; p[2]        ; 8.904  ; 8.904  ; 8.904  ; 8.904  ;
; y[2]       ; p[3]        ; 9.321  ; 9.321  ; 9.321  ; 9.321  ;
; y[2]       ; p[4]        ; 10.043 ; 10.043 ; 10.043 ; 10.043 ;
; y[2]       ; p[5]        ; 10.817 ; 10.817 ; 10.817 ; 10.817 ;
; y[2]       ; p[6]        ; 11.936 ; 11.936 ; 11.936 ; 11.936 ;
; y[2]       ; p[7]        ; 13.496 ; 13.496 ; 13.496 ; 13.496 ;
; y[2]       ; p[8]        ; 14.287 ; 14.287 ; 14.287 ; 14.287 ;
; y[2]       ; p[9]        ; 15.281 ; 15.281 ; 15.281 ; 15.281 ;
; y[2]       ; p[10]       ; 16.835 ; 16.835 ; 16.835 ; 16.835 ;
; y[2]       ; p[11]       ; 17.139 ; 17.139 ; 17.139 ; 17.139 ;
; y[2]       ; p[12]       ; 18.466 ; 18.466 ; 18.466 ; 18.466 ;
; y[2]       ; p[13]       ; 18.459 ; 18.459 ; 18.459 ; 18.459 ;
; y[2]       ; p[14]       ; 19.140 ; 19.140 ; 19.140 ; 19.140 ;
; y[2]       ; p[15]       ; 19.809 ; 19.809 ; 19.809 ; 19.809 ;
; y[3]       ; p[3]        ; 8.432  ; 8.432  ; 8.432  ; 8.432  ;
; y[3]       ; p[4]        ; 9.188  ; 9.188  ; 9.188  ; 9.188  ;
; y[3]       ; p[5]        ; 9.927  ; 9.927  ; 9.927  ; 9.927  ;
; y[3]       ; p[6]        ; 11.046 ; 11.046 ; 11.046 ; 11.046 ;
; y[3]       ; p[7]        ; 12.606 ; 12.606 ; 12.606 ; 12.606 ;
; y[3]       ; p[8]        ; 13.758 ; 13.758 ; 13.758 ; 13.758 ;
; y[3]       ; p[9]        ; 14.391 ; 14.391 ; 14.391 ; 14.391 ;
; y[3]       ; p[10]       ; 15.945 ; 15.945 ; 15.945 ; 15.945 ;
; y[3]       ; p[11]       ; 16.249 ; 16.249 ; 16.249 ; 16.249 ;
; y[3]       ; p[12]       ; 17.576 ; 17.576 ; 17.576 ; 17.576 ;
; y[3]       ; p[13]       ; 17.569 ; 17.569 ; 17.569 ; 17.569 ;
; y[3]       ; p[14]       ; 18.250 ; 18.250 ; 18.250 ; 18.250 ;
; y[3]       ; p[15]       ; 18.919 ; 18.919 ; 18.919 ; 18.919 ;
; y[4]       ; p[4]        ; 9.453  ; 9.453  ; 9.453  ; 9.453  ;
; y[4]       ; p[5]        ; 9.947  ; 9.947  ; 9.947  ; 9.947  ;
; y[4]       ; p[6]        ; 10.495 ; 10.495 ; 10.495 ; 10.495 ;
; y[4]       ; p[7]        ; 12.187 ; 12.187 ; 12.187 ; 12.187 ;
; y[4]       ; p[8]        ; 12.972 ; 12.972 ; 12.972 ; 12.972 ;
; y[4]       ; p[9]        ; 13.972 ; 13.972 ; 13.972 ; 13.972 ;
; y[4]       ; p[10]       ; 15.418 ; 15.418 ; 15.418 ; 15.418 ;
; y[4]       ; p[11]       ; 15.785 ; 15.785 ; 15.785 ; 15.785 ;
; y[4]       ; p[12]       ; 17.112 ; 17.112 ; 17.112 ; 17.112 ;
; y[4]       ; p[13]       ; 17.105 ; 17.105 ; 17.105 ; 17.105 ;
; y[4]       ; p[14]       ; 17.786 ; 17.786 ; 17.786 ; 17.786 ;
; y[4]       ; p[15]       ; 18.455 ; 18.455 ; 18.455 ; 18.455 ;
; y[5]       ; p[5]        ; 9.813  ; 9.813  ; 9.813  ; 9.813  ;
; y[5]       ; p[6]        ; 10.361 ; 10.361 ; 10.361 ; 10.361 ;
; y[5]       ; p[7]        ; 12.053 ; 12.053 ; 12.053 ; 12.053 ;
; y[5]       ; p[8]        ; 12.838 ; 12.838 ; 12.838 ; 12.838 ;
; y[5]       ; p[9]        ; 13.838 ; 13.838 ; 13.838 ; 13.838 ;
; y[5]       ; p[10]       ; 15.284 ; 15.284 ; 15.284 ; 15.284 ;
; y[5]       ; p[11]       ; 15.651 ; 15.651 ; 15.651 ; 15.651 ;
; y[5]       ; p[12]       ; 16.978 ; 16.978 ; 16.978 ; 16.978 ;
; y[5]       ; p[13]       ; 16.971 ; 16.971 ; 16.971 ; 16.971 ;
; y[5]       ; p[14]       ; 17.652 ; 17.652 ; 17.652 ; 17.652 ;
; y[5]       ; p[15]       ; 18.321 ; 18.321 ; 18.321 ; 18.321 ;
; y[6]       ; p[6]        ; 10.048 ; 10.048 ; 10.048 ; 10.048 ;
; y[6]       ; p[7]        ; 10.443 ; 10.443 ; 10.443 ; 10.443 ;
; y[6]       ; p[8]        ; 11.989 ; 11.989 ; 11.989 ; 11.989 ;
; y[6]       ; p[9]        ; 12.551 ; 12.551 ; 12.551 ; 12.551 ;
; y[6]       ; p[10]       ; 13.823 ; 13.823 ; 13.823 ; 13.823 ;
; y[6]       ; p[11]       ; 14.190 ; 14.190 ; 14.190 ; 14.190 ;
; y[6]       ; p[12]       ; 15.517 ; 15.517 ; 15.517 ; 15.517 ;
; y[6]       ; p[13]       ; 15.510 ; 15.510 ; 15.510 ; 15.510 ;
; y[6]       ; p[14]       ; 16.191 ; 16.191 ; 16.191 ; 16.191 ;
; y[6]       ; p[15]       ; 16.860 ; 16.860 ; 16.860 ; 16.860 ;
; y[7]       ; p[7]        ; 9.580  ; 9.580  ; 9.580  ; 9.580  ;
; y[7]       ; p[8]        ; 11.704 ; 11.704 ; 11.704 ; 11.704 ;
; y[7]       ; p[9]        ; 12.304 ; 12.304 ; 12.304 ; 12.304 ;
; y[7]       ; p[10]       ; 13.576 ; 13.576 ; 13.576 ; 13.576 ;
; y[7]       ; p[11]       ; 13.943 ; 13.943 ; 13.943 ; 13.943 ;
; y[7]       ; p[12]       ; 15.270 ; 15.270 ; 15.270 ; 15.270 ;
; y[7]       ; p[13]       ; 15.263 ; 15.263 ; 15.263 ; 15.263 ;
; y[7]       ; p[14]       ; 15.944 ; 15.944 ; 15.944 ; 15.944 ;
; y[7]       ; p[15]       ; 16.613 ; 16.613 ; 16.613 ; 16.613 ;
+------------+-------------+--------+--------+--------+--------+


+--------------------------------------------------------------+
; Minimum Propagation Delay                                    ;
+------------+-------------+--------+--------+--------+--------+
; Input Port ; Output Port ; RR     ; RF     ; FR     ; FF     ;
+------------+-------------+--------+--------+--------+--------+
; x[0]       ; p[0]        ; 9.908  ;        ;        ; 9.908  ;
; x[0]       ; p[1]        ; 8.325  ; 8.325  ; 8.325  ; 8.325  ;
; x[0]       ; p[2]        ; 8.976  ; 8.976  ; 8.976  ; 8.976  ;
; x[0]       ; p[3]        ; 8.378  ; 8.378  ; 8.378  ; 8.378  ;
; x[0]       ; p[4]        ; 9.101  ; 9.101  ; 9.101  ; 9.101  ;
; x[0]       ; p[5]        ; 9.504  ; 9.504  ; 9.504  ; 9.504  ;
; x[0]       ; p[6]        ; 9.415  ; 9.415  ; 9.415  ; 9.415  ;
; x[0]       ; p[7]        ; 9.881  ; 9.881  ; 9.881  ; 9.881  ;
; x[0]       ; p[8]        ; 10.806 ; 10.806 ; 10.806 ; 10.806 ;
; x[0]       ; p[9]        ; 11.406 ; 11.406 ; 11.406 ; 11.406 ;
; x[0]       ; p[10]       ; 12.678 ; 12.678 ; 12.678 ; 12.678 ;
; x[0]       ; p[11]       ; 12.786 ; 12.786 ; 12.786 ; 12.786 ;
; x[0]       ; p[12]       ; 13.744 ; 13.744 ; 13.744 ; 13.744 ;
; x[0]       ; p[13]       ; 13.737 ; 13.737 ; 13.737 ; 13.737 ;
; x[0]       ; p[14]       ; 14.418 ; 14.418 ; 14.418 ; 14.418 ;
; x[0]       ; p[15]       ; 15.087 ; 15.184 ; 15.184 ; 15.087 ;
; x[1]       ; p[1]        ; 8.120  ; 8.120  ; 8.120  ; 8.120  ;
; x[1]       ; p[2]        ; 9.319  ; 9.319  ; 9.319  ; 9.319  ;
; x[1]       ; p[3]        ; 9.078  ; 9.078  ; 9.078  ; 9.078  ;
; x[1]       ; p[4]        ; 9.482  ; 9.482  ; 9.482  ; 9.482  ;
; x[1]       ; p[5]        ; 9.273  ; 9.273  ; 9.273  ; 9.273  ;
; x[1]       ; p[6]        ; 9.369  ; 9.369  ; 9.369  ; 9.369  ;
; x[1]       ; p[7]        ; 9.956  ; 9.956  ; 9.956  ; 9.956  ;
; x[1]       ; p[8]        ; 10.453 ; 10.453 ; 10.453 ; 10.453 ;
; x[1]       ; p[9]        ; 9.822  ; 9.822  ; 9.822  ; 9.822  ;
; x[1]       ; p[10]       ; 11.432 ; 11.432 ; 11.432 ; 11.432 ;
; x[1]       ; p[11]       ; 11.540 ; 11.540 ; 11.540 ; 11.540 ;
; x[1]       ; p[12]       ; 12.498 ; 12.498 ; 12.498 ; 12.498 ;
; x[1]       ; p[13]       ; 12.491 ; 12.491 ; 12.491 ; 12.491 ;
; x[1]       ; p[14]       ; 13.172 ; 13.172 ; 13.172 ; 13.172 ;
; x[1]       ; p[15]       ; 13.841 ; 14.469 ; 14.469 ; 13.841 ;
; x[2]       ; p[2]        ; 9.091  ; 9.091  ; 9.091  ; 9.091  ;
; x[2]       ; p[3]        ; 9.261  ; 9.261  ; 9.261  ; 9.261  ;
; x[2]       ; p[4]        ; 9.288  ; 9.288  ; 9.288  ; 9.288  ;
; x[2]       ; p[5]        ; 9.226  ; 9.226  ; 9.226  ; 9.226  ;
; x[2]       ; p[6]        ; 9.468  ; 9.468  ; 9.468  ; 9.468  ;
; x[2]       ; p[7]        ; 9.863  ; 9.863  ; 9.863  ; 9.863  ;
; x[2]       ; p[8]        ; 10.075 ; 10.075 ; 10.075 ; 10.075 ;
; x[2]       ; p[9]        ; 9.756  ; 9.756  ; 9.756  ; 9.756  ;
; x[2]       ; p[10]       ; 9.985  ; 9.985  ; 9.985  ; 9.985  ;
; x[2]       ; p[11]       ; 9.671  ; 9.671  ; 9.671  ; 9.671  ;
; x[2]       ; p[12]       ; 10.629 ; 10.629 ; 10.629 ; 10.629 ;
; x[2]       ; p[13]       ; 10.622 ; 10.622 ; 10.622 ; 10.622 ;
; x[2]       ; p[14]       ; 11.303 ; 11.303 ; 11.303 ; 11.303 ;
; x[2]       ; p[15]       ; 11.972 ; 12.631 ; 12.631 ; 11.972 ;
; x[3]       ; p[3]        ; 9.359  ; 9.359  ; 9.359  ; 9.359  ;
; x[3]       ; p[4]        ; 9.766  ; 9.766  ; 9.766  ; 9.766  ;
; x[3]       ; p[5]        ; 9.619  ; 9.619  ; 9.619  ; 9.619  ;
; x[3]       ; p[6]        ; 10.171 ; 10.171 ; 10.171 ; 10.171 ;
; x[3]       ; p[7]        ; 10.664 ; 10.664 ; 10.664 ; 10.664 ;
; x[3]       ; p[8]        ; 10.680 ; 10.680 ; 10.680 ; 10.680 ;
; x[3]       ; p[9]        ; 9.938  ; 9.938  ; 9.938  ; 9.938  ;
; x[3]       ; p[10]       ; 10.082 ; 10.082 ; 10.082 ; 10.082 ;
; x[3]       ; p[11]       ; 8.982  ; 8.982  ; 8.982  ; 8.982  ;
; x[3]       ; p[12]       ; 9.940  ; 9.940  ; 9.940  ; 9.940  ;
; x[3]       ; p[13]       ; 9.933  ; 9.933  ; 9.933  ; 9.933  ;
; x[3]       ; p[14]       ; 10.614 ; 10.614 ; 10.614 ; 10.614 ;
; x[3]       ; p[15]       ; 11.283 ; 11.910 ; 11.910 ; 11.283 ;
; x[4]       ; p[4]        ; 9.335  ; 9.335  ; 9.335  ; 9.335  ;
; x[4]       ; p[5]        ; 9.677  ; 9.677  ; 9.677  ; 9.677  ;
; x[4]       ; p[6]        ; 9.367  ; 9.367  ; 9.367  ; 9.367  ;
; x[4]       ; p[7]        ; 10.077 ; 10.077 ; 10.077 ; 10.077 ;
; x[4]       ; p[8]        ; 8.979  ; 8.979  ; 8.979  ; 8.979  ;
; x[4]       ; p[9]        ; 9.373  ; 9.373  ; 9.373  ; 9.373  ;
; x[4]       ; p[10]       ; 9.288  ; 9.288  ; 9.288  ; 9.288  ;
; x[4]       ; p[11]       ; 8.953  ; 8.953  ; 8.953  ; 8.953  ;
; x[4]       ; p[12]       ; 9.274  ; 9.274  ; 9.274  ; 9.274  ;
; x[4]       ; p[13]       ; 9.169  ; 9.169  ; 9.169  ; 9.169  ;
; x[4]       ; p[14]       ; 9.850  ; 9.850  ; 9.850  ; 9.850  ;
; x[4]       ; p[15]       ; 10.519 ; 10.908 ; 10.908 ; 10.519 ;
; x[5]       ; p[5]        ; 10.253 ; 10.253 ; 10.253 ; 10.253 ;
; x[5]       ; p[6]        ; 10.740 ; 10.740 ; 10.740 ; 10.740 ;
; x[5]       ; p[7]        ; 10.832 ; 10.832 ; 10.832 ; 10.832 ;
; x[5]       ; p[8]        ; 10.521 ; 10.521 ; 10.521 ; 10.521 ;
; x[5]       ; p[9]        ; 9.771  ; 9.771  ; 9.771  ; 9.771  ;
; x[5]       ; p[10]       ; 11.195 ; 11.195 ; 11.195 ; 11.195 ;
; x[5]       ; p[11]       ; 8.116  ; 8.116  ; 8.116  ; 8.116  ;
; x[5]       ; p[12]       ; 8.193  ; 8.193  ; 8.193  ; 8.193  ;
; x[5]       ; p[13]       ; 7.957  ; 7.957  ; 7.957  ; 7.957  ;
; x[5]       ; p[14]       ; 8.669  ; 8.669  ; 8.669  ; 8.669  ;
; x[5]       ; p[15]       ; 9.338  ; 9.574  ; 9.574  ; 9.338  ;
; x[6]       ; p[6]        ; 11.226 ; 11.226 ; 11.226 ; 11.226 ;
; x[6]       ; p[7]        ; 11.056 ; 11.056 ; 11.056 ; 11.056 ;
; x[6]       ; p[8]        ; 10.756 ; 10.756 ; 10.756 ; 10.756 ;
; x[6]       ; p[9]        ; 10.610 ; 10.610 ; 10.610 ; 10.610 ;
; x[6]       ; p[10]       ; 11.376 ; 11.376 ; 11.376 ; 11.376 ;
; x[6]       ; p[11]       ; 9.281  ; 9.281  ; 9.281  ; 9.281  ;
; x[6]       ; p[12]       ; 5.356  ; 5.356  ; 5.356  ; 5.356  ;
; x[6]       ; p[13]       ; 4.924  ; 4.924  ; 4.924  ; 4.924  ;
; x[6]       ; p[14]       ; 5.574  ; 5.574  ; 5.574  ; 5.574  ;
; x[6]       ; p[15]       ; 6.243  ; 6.702  ; 6.702  ; 6.243  ;
; x[7]       ; p[7]        ; 11.974 ; 11.974 ; 11.974 ; 11.974 ;
; x[7]       ; p[8]        ; 11.369 ; 11.369 ; 11.369 ; 11.369 ;
; x[7]       ; p[9]        ; 11.633 ; 11.633 ; 11.633 ; 11.633 ;
; x[7]       ; p[10]       ; 11.558 ; 11.558 ; 11.558 ; 11.558 ;
; x[7]       ; p[11]       ; 9.371  ; 9.371  ; 9.371  ; 9.371  ;
; x[7]       ; p[12]       ; 8.943  ; 8.943  ; 8.943  ; 8.943  ;
; x[7]       ; p[13]       ; 8.350  ; 8.350  ; 8.350  ; 8.350  ;
; x[7]       ; p[14]       ; 8.027  ; 8.027  ; 8.027  ; 8.027  ;
; x[7]       ; p[15]       ; 8.693  ; 9.779  ; 9.779  ; 8.693  ;
; y[0]       ; p[0]        ; 10.327 ;        ;        ; 10.327 ;
; y[0]       ; p[1]        ; 8.744  ; 8.744  ; 8.744  ; 8.744  ;
; y[0]       ; p[2]        ; 9.222  ; 9.222  ; 9.222  ; 9.222  ;
; y[0]       ; p[3]        ; 9.488  ; 9.488  ; 9.488  ; 9.488  ;
; y[0]       ; p[4]        ; 9.776  ; 9.776  ; 9.776  ; 9.776  ;
; y[0]       ; p[5]        ; 10.006 ; 10.006 ; 10.006 ; 10.006 ;
; y[0]       ; p[6]        ; 10.493 ; 10.493 ; 10.493 ; 10.493 ;
; y[0]       ; p[7]        ; 11.363 ; 11.363 ; 11.363 ; 11.363 ;
; y[0]       ; p[8]        ; 11.210 ; 11.210 ; 11.210 ; 11.210 ;
; y[0]       ; p[9]        ; 11.474 ; 11.474 ; 11.474 ; 11.474 ;
; y[0]       ; p[10]       ; 13.148 ; 13.148 ; 13.148 ; 13.148 ;
; y[0]       ; p[11]       ; 12.684 ; 12.684 ; 12.684 ; 12.684 ;
; y[0]       ; p[12]       ; 13.585 ; 13.585 ; 13.585 ; 13.585 ;
; y[0]       ; p[13]       ; 13.295 ; 13.295 ; 13.295 ; 13.295 ;
; y[0]       ; p[14]       ; 14.013 ; 14.013 ; 14.013 ; 14.013 ;
; y[0]       ; p[15]       ; 14.682 ; 14.682 ; 14.682 ; 14.682 ;
; y[1]       ; p[1]        ; 8.510  ; 8.510  ; 8.510  ; 8.510  ;
; y[1]       ; p[2]        ; 9.181  ; 9.181  ; 9.181  ; 9.181  ;
; y[1]       ; p[3]        ; 9.177  ; 9.177  ; 9.177  ; 9.177  ;
; y[1]       ; p[4]        ; 9.725  ; 9.725  ; 9.725  ; 9.725  ;
; y[1]       ; p[5]        ; 10.067 ; 10.067 ; 10.067 ; 10.067 ;
; y[1]       ; p[6]        ; 10.618 ; 10.618 ; 10.618 ; 10.618 ;
; y[1]       ; p[7]        ; 11.427 ; 11.427 ; 11.427 ; 11.427 ;
; y[1]       ; p[8]        ; 11.488 ; 11.488 ; 11.488 ; 11.488 ;
; y[1]       ; p[9]        ; 11.752 ; 11.752 ; 11.752 ; 11.752 ;
; y[1]       ; p[10]       ; 13.459 ; 13.459 ; 13.459 ; 13.459 ;
; y[1]       ; p[11]       ; 12.995 ; 12.995 ; 12.995 ; 12.995 ;
; y[1]       ; p[12]       ; 13.896 ; 13.896 ; 13.896 ; 13.896 ;
; y[1]       ; p[13]       ; 13.606 ; 13.606 ; 13.606 ; 13.606 ;
; y[1]       ; p[14]       ; 14.324 ; 14.324 ; 14.324 ; 14.324 ;
; y[1]       ; p[15]       ; 14.993 ; 14.993 ; 14.993 ; 14.993 ;
; y[2]       ; p[2]        ; 8.904  ; 8.904  ; 8.904  ; 8.904  ;
; y[2]       ; p[3]        ; 8.746  ; 8.746  ; 8.746  ; 8.746  ;
; y[2]       ; p[4]        ; 9.178  ; 9.178  ; 9.178  ; 9.178  ;
; y[2]       ; p[5]        ; 9.326  ; 9.326  ; 9.326  ; 9.326  ;
; y[2]       ; p[6]        ; 9.778  ; 9.778  ; 9.778  ; 9.778  ;
; y[2]       ; p[7]        ; 10.489 ; 10.489 ; 10.489 ; 10.489 ;
; y[2]       ; p[8]        ; 10.979 ; 10.979 ; 10.979 ; 10.979 ;
; y[2]       ; p[9]        ; 11.094 ; 11.094 ; 11.094 ; 11.094 ;
; y[2]       ; p[10]       ; 12.337 ; 12.337 ; 12.337 ; 12.337 ;
; y[2]       ; p[11]       ; 11.873 ; 11.873 ; 11.873 ; 11.873 ;
; y[2]       ; p[12]       ; 12.774 ; 12.774 ; 12.774 ; 12.774 ;
; y[2]       ; p[13]       ; 12.484 ; 12.484 ; 12.484 ; 12.484 ;
; y[2]       ; p[14]       ; 13.202 ; 13.202 ; 13.202 ; 13.202 ;
; y[2]       ; p[15]       ; 13.871 ; 13.871 ; 13.871 ; 13.871 ;
; y[3]       ; p[3]        ; 8.432  ; 8.432  ; 8.432  ; 8.432  ;
; y[3]       ; p[4]        ; 8.981  ; 8.981  ; 8.981  ; 8.981  ;
; y[3]       ; p[5]        ; 8.716  ; 8.716  ; 8.716  ; 8.716  ;
; y[3]       ; p[6]        ; 9.267  ; 9.267  ; 9.267  ; 9.267  ;
; y[3]       ; p[7]        ; 10.076 ; 10.076 ; 10.076 ; 10.076 ;
; y[3]       ; p[8]        ; 10.623 ; 10.623 ; 10.623 ; 10.623 ;
; y[3]       ; p[9]        ; 10.734 ; 10.734 ; 10.734 ; 10.734 ;
; y[3]       ; p[10]       ; 11.415 ; 11.415 ; 11.415 ; 11.415 ;
; y[3]       ; p[11]       ; 10.956 ; 10.956 ; 10.956 ; 10.956 ;
; y[3]       ; p[12]       ; 11.857 ; 11.857 ; 11.857 ; 11.857 ;
; y[3]       ; p[13]       ; 11.567 ; 11.567 ; 11.567 ; 11.567 ;
; y[3]       ; p[14]       ; 12.285 ; 12.285 ; 12.285 ; 12.285 ;
; y[3]       ; p[15]       ; 12.954 ; 12.954 ; 12.954 ; 12.954 ;
; y[4]       ; p[4]        ; 9.453  ; 9.453  ; 9.453  ; 9.453  ;
; y[4]       ; p[5]        ; 9.321  ; 9.321  ; 9.321  ; 9.321  ;
; y[4]       ; p[6]        ; 8.822  ; 8.822  ; 8.822  ; 8.822  ;
; y[4]       ; p[7]        ; 9.460  ; 9.460  ; 9.460  ; 9.460  ;
; y[4]       ; p[8]        ; 9.350  ; 9.350  ; 9.350  ; 9.350  ;
; y[4]       ; p[9]        ; 9.748  ; 9.748  ; 9.748  ; 9.748  ;
; y[4]       ; p[10]       ; 10.865 ; 10.865 ; 10.865 ; 10.865 ;
; y[4]       ; p[11]       ; 9.244  ; 9.244  ; 9.244  ; 9.244  ;
; y[4]       ; p[12]       ; 9.737  ; 9.737  ; 9.737  ; 9.737  ;
; y[4]       ; p[13]       ; 9.447  ; 9.447  ; 9.447  ; 9.447  ;
; y[4]       ; p[14]       ; 10.165 ; 10.165 ; 10.165 ; 10.165 ;
; y[4]       ; p[15]       ; 10.834 ; 10.834 ; 10.834 ; 10.834 ;
; y[5]       ; p[5]        ; 9.813  ; 9.813  ; 9.813  ; 9.813  ;
; y[5]       ; p[6]        ; 8.825  ; 8.825  ; 8.825  ; 8.825  ;
; y[5]       ; p[7]        ; 9.700  ; 9.700  ; 9.700  ; 9.700  ;
; y[5]       ; p[8]        ; 9.701  ; 9.701  ; 9.701  ; 9.701  ;
; y[5]       ; p[9]        ; 10.094 ; 10.094 ; 10.094 ; 10.094 ;
; y[5]       ; p[10]       ; 11.220 ; 11.220 ; 11.220 ; 11.220 ;
; y[5]       ; p[11]       ; 9.278  ; 9.278  ; 9.278  ; 9.278  ;
; y[5]       ; p[12]       ; 9.195  ; 9.195  ; 9.195  ; 9.195  ;
; y[5]       ; p[13]       ; 8.905  ; 8.905  ; 8.905  ; 8.905  ;
; y[5]       ; p[14]       ; 9.623  ; 9.623  ; 9.623  ; 9.623  ;
; y[5]       ; p[15]       ; 10.292 ; 10.292 ; 10.292 ; 10.292 ;
; y[6]       ; p[6]        ; 10.048 ; 10.048 ; 10.048 ; 10.048 ;
; y[6]       ; p[7]        ; 9.388  ; 9.388  ; 9.388  ; 9.388  ;
; y[6]       ; p[8]        ; 9.878  ; 9.878  ; 9.878  ; 9.878  ;
; y[6]       ; p[9]        ; 9.054  ; 9.054  ; 9.054  ; 9.054  ;
; y[6]       ; p[10]       ; 9.469  ; 9.469  ; 9.469  ; 9.469  ;
; y[6]       ; p[11]       ; 8.667  ; 8.667  ; 8.667  ; 8.667  ;
; y[6]       ; p[12]       ; 9.236  ; 9.236  ; 9.236  ; 9.236  ;
; y[6]       ; p[13]       ; 8.647  ; 8.647  ; 8.647  ; 8.647  ;
; y[6]       ; p[14]       ; 9.103  ; 9.103  ; 9.103  ; 9.103  ;
; y[6]       ; p[15]       ; 9.772  ; 10.198 ; 10.198 ; 9.772  ;
; y[7]       ; p[7]        ; 9.580  ; 9.580  ; 9.580  ; 9.580  ;
; y[7]       ; p[8]        ; 10.075 ; 10.075 ; 10.075 ; 10.075 ;
; y[7]       ; p[9]        ; 9.772  ; 9.772  ; 9.772  ; 9.772  ;
; y[7]       ; p[10]       ; 10.122 ; 10.122 ; 10.122 ; 10.122 ;
; y[7]       ; p[11]       ; 8.991  ; 8.991  ; 8.991  ; 8.991  ;
; y[7]       ; p[12]       ; 9.095  ; 9.095  ; 9.095  ; 9.095  ;
; y[7]       ; p[13]       ; 8.664  ; 8.664  ; 8.664  ; 8.664  ;
; y[7]       ; p[14]       ; 8.492  ; 8.492  ; 8.492  ; 8.492  ;
; y[7]       ; p[15]       ; 9.162  ; 10.249 ; 10.249 ; 9.162  ;
+------------+-------------+--------+--------+--------+--------+


----------------------------
; Fast Model Setup Summary ;
----------------------------
No paths to report.


---------------------------
; Fast Model Hold Summary ;
---------------------------
No paths to report.


-------------------------------
; Fast Model Recovery Summary ;
-------------------------------
No paths to report.


------------------------------
; Fast Model Removal Summary ;
------------------------------
No paths to report.


------------------------------------------
; Fast Model Minimum Pulse Width Summary ;
------------------------------------------
No paths to report.


+--------------------------------------------------------------+
; Propagation Delay                                            ;
+------------+-------------+--------+--------+--------+--------+
; Input Port ; Output Port ; RR     ; RF     ; FR     ; FF     ;
+------------+-------------+--------+--------+--------+--------+
; x[0]       ; p[0]        ; 5.694  ;        ;        ; 5.694  ;
; x[0]       ; p[1]        ; 4.794  ; 4.794  ; 4.794  ; 4.794  ;
; x[0]       ; p[2]        ; 5.129  ; 5.129  ; 5.129  ; 5.129  ;
; x[0]       ; p[3]        ; 5.247  ; 5.247  ; 5.247  ; 5.247  ;
; x[0]       ; p[4]        ; 6.296  ; 6.296  ; 6.296  ; 6.296  ;
; x[0]       ; p[5]        ; 6.652  ; 6.652  ; 6.652  ; 6.652  ;
; x[0]       ; p[6]        ; 7.255  ; 7.255  ; 7.255  ; 7.255  ;
; x[0]       ; p[7]        ; 8.064  ; 8.064  ; 8.064  ; 8.064  ;
; x[0]       ; p[8]        ; 8.509  ; 8.509  ; 8.509  ; 8.509  ;
; x[0]       ; p[9]        ; 9.024  ; 9.024  ; 9.024  ; 9.024  ;
; x[0]       ; p[10]       ; 9.892  ; 9.892  ; 9.892  ; 9.892  ;
; x[0]       ; p[11]       ; 10.029 ; 10.029 ; 10.029 ; 10.029 ;
; x[0]       ; p[12]       ; 10.767 ; 10.767 ; 10.767 ; 10.767 ;
; x[0]       ; p[13]       ; 10.699 ; 10.699 ; 10.699 ; 10.699 ;
; x[0]       ; p[14]       ; 11.031 ; 11.031 ; 11.031 ; 11.031 ;
; x[0]       ; p[15]       ; 11.367 ; 11.367 ; 11.367 ; 11.367 ;
; x[1]       ; p[1]        ; 4.698  ; 4.698  ; 4.698  ; 4.698  ;
; x[1]       ; p[2]        ; 5.291  ; 5.291  ; 5.291  ; 5.291  ;
; x[1]       ; p[3]        ; 5.428  ; 5.428  ; 5.428  ; 5.428  ;
; x[1]       ; p[4]        ; 6.332  ; 6.332  ; 6.332  ; 6.332  ;
; x[1]       ; p[5]        ; 6.688  ; 6.688  ; 6.688  ; 6.688  ;
; x[1]       ; p[6]        ; 7.291  ; 7.291  ; 7.291  ; 7.291  ;
; x[1]       ; p[7]        ; 8.100  ; 8.100  ; 8.100  ; 8.100  ;
; x[1]       ; p[8]        ; 8.545  ; 8.545  ; 8.545  ; 8.545  ;
; x[1]       ; p[9]        ; 9.060  ; 9.060  ; 9.060  ; 9.060  ;
; x[1]       ; p[10]       ; 9.928  ; 9.928  ; 9.928  ; 9.928  ;
; x[1]       ; p[11]       ; 10.065 ; 10.065 ; 10.065 ; 10.065 ;
; x[1]       ; p[12]       ; 10.803 ; 10.803 ; 10.803 ; 10.803 ;
; x[1]       ; p[13]       ; 10.735 ; 10.735 ; 10.735 ; 10.735 ;
; x[1]       ; p[14]       ; 11.067 ; 11.067 ; 11.067 ; 11.067 ;
; x[1]       ; p[15]       ; 11.403 ; 11.403 ; 11.403 ; 11.403 ;
; x[2]       ; p[2]        ; 5.230  ; 5.230  ; 5.230  ; 5.230  ;
; x[2]       ; p[3]        ; 5.332  ; 5.332  ; 5.332  ; 5.332  ;
; x[2]       ; p[4]        ; 6.343  ; 6.343  ; 6.343  ; 6.343  ;
; x[2]       ; p[5]        ; 6.699  ; 6.699  ; 6.699  ; 6.699  ;
; x[2]       ; p[6]        ; 7.302  ; 7.302  ; 7.302  ; 7.302  ;
; x[2]       ; p[7]        ; 8.111  ; 8.111  ; 8.111  ; 8.111  ;
; x[2]       ; p[8]        ; 8.556  ; 8.556  ; 8.556  ; 8.556  ;
; x[2]       ; p[9]        ; 9.071  ; 9.071  ; 9.071  ; 9.071  ;
; x[2]       ; p[10]       ; 9.939  ; 9.939  ; 9.939  ; 9.939  ;
; x[2]       ; p[11]       ; 10.076 ; 10.076 ; 10.076 ; 10.076 ;
; x[2]       ; p[12]       ; 10.814 ; 10.814 ; 10.814 ; 10.814 ;
; x[2]       ; p[13]       ; 10.746 ; 10.746 ; 10.746 ; 10.746 ;
; x[2]       ; p[14]       ; 11.078 ; 11.078 ; 11.078 ; 11.078 ;
; x[2]       ; p[15]       ; 11.414 ; 11.414 ; 11.414 ; 11.414 ;
; x[3]       ; p[3]        ; 5.314  ; 5.314  ; 5.314  ; 5.314  ;
; x[3]       ; p[4]        ; 5.710  ; 5.710  ; 5.710  ; 5.710  ;
; x[3]       ; p[5]        ; 6.134  ; 6.134  ; 6.134  ; 6.134  ;
; x[3]       ; p[6]        ; 6.724  ; 6.724  ; 6.724  ; 6.724  ;
; x[3]       ; p[7]        ; 7.533  ; 7.533  ; 7.533  ; 7.533  ;
; x[3]       ; p[8]        ; 8.152  ; 8.152  ; 8.152  ; 8.152  ;
; x[3]       ; p[9]        ; 8.493  ; 8.493  ; 8.493  ; 8.493  ;
; x[3]       ; p[10]       ; 9.361  ; 9.361  ; 9.361  ; 9.361  ;
; x[3]       ; p[11]       ; 9.498  ; 9.498  ; 9.498  ; 9.498  ;
; x[3]       ; p[12]       ; 10.236 ; 10.236 ; 10.236 ; 10.236 ;
; x[3]       ; p[13]       ; 10.168 ; 10.168 ; 10.168 ; 10.168 ;
; x[3]       ; p[14]       ; 10.500 ; 10.500 ; 10.500 ; 10.500 ;
; x[3]       ; p[15]       ; 10.836 ; 10.836 ; 10.836 ; 10.836 ;
; x[4]       ; p[4]        ; 5.303  ; 5.303  ; 5.303  ; 5.303  ;
; x[4]       ; p[5]        ; 5.739  ; 5.739  ; 5.739  ; 5.739  ;
; x[4]       ; p[6]        ; 6.428  ; 6.428  ; 6.428  ; 6.428  ;
; x[4]       ; p[7]        ; 7.237  ; 7.237  ; 7.237  ; 7.237  ;
; x[4]       ; p[8]        ; 7.921  ; 7.921  ; 7.921  ; 7.921  ;
; x[4]       ; p[9]        ; 8.243  ; 8.243  ; 8.243  ; 8.243  ;
; x[4]       ; p[10]       ; 9.158  ; 9.158  ; 9.158  ; 9.158  ;
; x[4]       ; p[11]       ; 9.295  ; 9.295  ; 9.295  ; 9.295  ;
; x[4]       ; p[12]       ; 10.033 ; 10.033 ; 10.033 ; 10.033 ;
; x[4]       ; p[13]       ; 9.965  ; 9.965  ; 9.965  ; 9.965  ;
; x[4]       ; p[14]       ; 10.297 ; 10.297 ; 10.297 ; 10.297 ;
; x[4]       ; p[15]       ; 10.633 ; 10.633 ; 10.633 ; 10.633 ;
; x[5]       ; p[5]        ; 5.798  ; 5.798  ; 5.798  ; 5.798  ;
; x[5]       ; p[6]        ; 6.487  ; 6.487  ; 6.487  ; 6.487  ;
; x[5]       ; p[7]        ; 7.296  ; 7.296  ; 7.296  ; 7.296  ;
; x[5]       ; p[8]        ; 7.850  ; 7.850  ; 7.850  ; 7.850  ;
; x[5]       ; p[9]        ; 8.256  ; 8.256  ; 8.256  ; 8.256  ;
; x[5]       ; p[10]       ; 9.217  ; 9.217  ; 9.217  ; 9.217  ;
; x[5]       ; p[11]       ; 9.354  ; 9.354  ; 9.354  ; 9.354  ;
; x[5]       ; p[12]       ; 10.092 ; 10.092 ; 10.092 ; 10.092 ;
; x[5]       ; p[13]       ; 10.024 ; 10.024 ; 10.024 ; 10.024 ;
; x[5]       ; p[14]       ; 10.356 ; 10.356 ; 10.356 ; 10.356 ;
; x[5]       ; p[15]       ; 10.692 ; 10.692 ; 10.692 ; 10.692 ;
; x[6]       ; p[6]        ; 6.345  ; 6.345  ; 6.345  ; 6.345  ;
; x[6]       ; p[7]        ; 7.154  ; 7.154  ; 7.154  ; 7.154  ;
; x[6]       ; p[8]        ; 7.855  ; 7.855  ; 7.855  ; 7.855  ;
; x[6]       ; p[9]        ; 8.177  ; 8.177  ; 8.177  ; 8.177  ;
; x[6]       ; p[10]       ; 8.983  ; 8.983  ; 8.983  ; 8.983  ;
; x[6]       ; p[11]       ; 9.120  ; 9.120  ; 9.120  ; 9.120  ;
; x[6]       ; p[12]       ; 9.858  ; 9.858  ; 9.858  ; 9.858  ;
; x[6]       ; p[13]       ; 9.790  ; 9.790  ; 9.790  ; 9.790  ;
; x[6]       ; p[14]       ; 10.122 ; 10.122 ; 10.122 ; 10.122 ;
; x[6]       ; p[15]       ; 10.458 ; 10.458 ; 10.458 ; 10.458 ;
; x[7]       ; p[7]        ; 6.671  ; 6.671  ; 6.671  ; 6.671  ;
; x[7]       ; p[8]        ; 7.952  ; 7.952  ; 7.952  ; 7.952  ;
; x[7]       ; p[9]        ; 8.274  ; 8.274  ; 8.274  ; 8.274  ;
; x[7]       ; p[10]       ; 9.002  ; 9.002  ; 9.002  ; 9.002  ;
; x[7]       ; p[11]       ; 9.176  ; 9.176  ; 9.176  ; 9.176  ;
; x[7]       ; p[12]       ; 9.914  ; 9.914  ; 9.914  ; 9.914  ;
; x[7]       ; p[13]       ; 9.846  ; 9.846  ; 9.846  ; 9.846  ;
; x[7]       ; p[14]       ; 10.178 ; 10.178 ; 10.178 ; 10.178 ;
; x[7]       ; p[15]       ; 10.514 ; 10.514 ; 10.514 ; 10.514 ;
; y[0]       ; p[0]        ; 5.924  ;        ;        ; 5.924  ;
; y[0]       ; p[1]        ; 5.024  ; 5.024  ; 5.024  ; 5.024  ;
; y[0]       ; p[2]        ; 5.315  ; 5.315  ; 5.315  ; 5.315  ;
; y[0]       ; p[3]        ; 5.485  ; 5.485  ; 5.485  ; 5.485  ;
; y[0]       ; p[4]        ; 5.881  ; 5.881  ; 5.881  ; 5.881  ;
; y[0]       ; p[5]        ; 6.305  ; 6.305  ; 6.305  ; 6.305  ;
; y[0]       ; p[6]        ; 6.895  ; 6.895  ; 6.895  ; 6.895  ;
; y[0]       ; p[7]        ; 7.704  ; 7.704  ; 7.704  ; 7.704  ;
; y[0]       ; p[8]        ; 8.234  ; 8.234  ; 8.234  ; 8.234  ;
; y[0]       ; p[9]        ; 8.664  ; 8.664  ; 8.664  ; 8.664  ;
; y[0]       ; p[10]       ; 9.532  ; 9.532  ; 9.532  ; 9.532  ;
; y[0]       ; p[11]       ; 9.669  ; 9.669  ; 9.669  ; 9.669  ;
; y[0]       ; p[12]       ; 10.407 ; 10.407 ; 10.407 ; 10.407 ;
; y[0]       ; p[13]       ; 10.339 ; 10.339 ; 10.339 ; 10.339 ;
; y[0]       ; p[14]       ; 10.671 ; 10.671 ; 10.671 ; 10.671 ;
; y[0]       ; p[15]       ; 11.007 ; 11.007 ; 11.007 ; 11.007 ;
; y[1]       ; p[1]        ; 4.968  ; 4.968  ; 4.968  ; 4.968  ;
; y[1]       ; p[2]        ; 5.334  ; 5.334  ; 5.334  ; 5.334  ;
; y[1]       ; p[3]        ; 5.368  ; 5.368  ; 5.368  ; 5.368  ;
; y[1]       ; p[4]        ; 5.798  ; 5.798  ; 5.798  ; 5.798  ;
; y[1]       ; p[5]        ; 6.192  ; 6.192  ; 6.192  ; 6.192  ;
; y[1]       ; p[6]        ; 6.881  ; 6.881  ; 6.881  ; 6.881  ;
; y[1]       ; p[7]        ; 7.690  ; 7.690  ; 7.690  ; 7.690  ;
; y[1]       ; p[8]        ; 8.374  ; 8.374  ; 8.374  ; 8.374  ;
; y[1]       ; p[9]        ; 8.696  ; 8.696  ; 8.696  ; 8.696  ;
; y[1]       ; p[10]       ; 9.611  ; 9.611  ; 9.611  ; 9.611  ;
; y[1]       ; p[11]       ; 9.748  ; 9.748  ; 9.748  ; 9.748  ;
; y[1]       ; p[12]       ; 10.486 ; 10.486 ; 10.486 ; 10.486 ;
; y[1]       ; p[13]       ; 10.418 ; 10.418 ; 10.418 ; 10.418 ;
; y[1]       ; p[14]       ; 10.750 ; 10.750 ; 10.750 ; 10.750 ;
; y[1]       ; p[15]       ; 11.086 ; 11.086 ; 11.086 ; 11.086 ;
; y[2]       ; p[2]        ; 5.094  ; 5.094  ; 5.094  ; 5.094  ;
; y[2]       ; p[3]        ; 5.305  ; 5.305  ; 5.305  ; 5.305  ;
; y[2]       ; p[4]        ; 5.701  ; 5.701  ; 5.701  ; 5.701  ;
; y[2]       ; p[5]        ; 6.125  ; 6.125  ; 6.125  ; 6.125  ;
; y[2]       ; p[6]        ; 6.715  ; 6.715  ; 6.715  ; 6.715  ;
; y[2]       ; p[7]        ; 7.524  ; 7.524  ; 7.524  ; 7.524  ;
; y[2]       ; p[8]        ; 7.969  ; 7.969  ; 7.969  ; 7.969  ;
; y[2]       ; p[9]        ; 8.484  ; 8.484  ; 8.484  ; 8.484  ;
; y[2]       ; p[10]       ; 9.352  ; 9.352  ; 9.352  ; 9.352  ;
; y[2]       ; p[11]       ; 9.489  ; 9.489  ; 9.489  ; 9.489  ;
; y[2]       ; p[12]       ; 10.227 ; 10.227 ; 10.227 ; 10.227 ;
; y[2]       ; p[13]       ; 10.159 ; 10.159 ; 10.159 ; 10.159 ;
; y[2]       ; p[14]       ; 10.491 ; 10.491 ; 10.491 ; 10.491 ;
; y[2]       ; p[15]       ; 10.827 ; 10.827 ; 10.827 ; 10.827 ;
; y[3]       ; p[3]        ; 4.861  ; 4.861  ; 4.861  ; 4.861  ;
; y[3]       ; p[4]        ; 5.285  ; 5.285  ; 5.285  ; 5.285  ;
; y[3]       ; p[5]        ; 5.681  ; 5.681  ; 5.681  ; 5.681  ;
; y[3]       ; p[6]        ; 6.271  ; 6.271  ; 6.271  ; 6.271  ;
; y[3]       ; p[7]        ; 7.080  ; 7.080  ; 7.080  ; 7.080  ;
; y[3]       ; p[8]        ; 7.689  ; 7.689  ; 7.689  ; 7.689  ;
; y[3]       ; p[9]        ; 8.040  ; 8.040  ; 8.040  ; 8.040  ;
; y[3]       ; p[10]       ; 8.908  ; 8.908  ; 8.908  ; 8.908  ;
; y[3]       ; p[11]       ; 9.045  ; 9.045  ; 9.045  ; 9.045  ;
; y[3]       ; p[12]       ; 9.783  ; 9.783  ; 9.783  ; 9.783  ;
; y[3]       ; p[13]       ; 9.715  ; 9.715  ; 9.715  ; 9.715  ;
; y[3]       ; p[14]       ; 10.047 ; 10.047 ; 10.047 ; 10.047 ;
; y[3]       ; p[15]       ; 10.383 ; 10.383 ; 10.383 ; 10.383 ;
; y[4]       ; p[4]        ; 5.397  ; 5.397  ; 5.397  ; 5.397  ;
; y[4]       ; p[5]        ; 5.669  ; 5.669  ; 5.669  ; 5.669  ;
; y[4]       ; p[6]        ; 5.978  ; 5.978  ; 5.978  ; 5.978  ;
; y[4]       ; p[7]        ; 6.856  ; 6.856  ; 6.856  ; 6.856  ;
; y[4]       ; p[8]        ; 7.301  ; 7.301  ; 7.301  ; 7.301  ;
; y[4]       ; p[9]        ; 7.816  ; 7.816  ; 7.816  ; 7.816  ;
; y[4]       ; p[10]       ; 8.639  ; 8.639  ; 8.639  ; 8.639  ;
; y[4]       ; p[11]       ; 8.813  ; 8.813  ; 8.813  ; 8.813  ;
; y[4]       ; p[12]       ; 9.551  ; 9.551  ; 9.551  ; 9.551  ;
; y[4]       ; p[13]       ; 9.483  ; 9.483  ; 9.483  ; 9.483  ;
; y[4]       ; p[14]       ; 9.815  ; 9.815  ; 9.815  ; 9.815  ;
; y[4]       ; p[15]       ; 10.151 ; 10.151 ; 10.151 ; 10.151 ;
; y[5]       ; p[5]        ; 5.579  ; 5.579  ; 5.579  ; 5.579  ;
; y[5]       ; p[6]        ; 5.876  ; 5.876  ; 5.876  ; 5.876  ;
; y[5]       ; p[7]        ; 6.754  ; 6.754  ; 6.754  ; 6.754  ;
; y[5]       ; p[8]        ; 7.199  ; 7.199  ; 7.199  ; 7.199  ;
; y[5]       ; p[9]        ; 7.714  ; 7.714  ; 7.714  ; 7.714  ;
; y[5]       ; p[10]       ; 8.537  ; 8.537  ; 8.537  ; 8.537  ;
; y[5]       ; p[11]       ; 8.711  ; 8.711  ; 8.711  ; 8.711  ;
; y[5]       ; p[12]       ; 9.449  ; 9.449  ; 9.449  ; 9.449  ;
; y[5]       ; p[13]       ; 9.381  ; 9.381  ; 9.381  ; 9.381  ;
; y[5]       ; p[14]       ; 9.713  ; 9.713  ; 9.713  ; 9.713  ;
; y[5]       ; p[15]       ; 10.049 ; 10.049 ; 10.049 ; 10.049 ;
; y[6]       ; p[6]        ; 5.699  ; 5.699  ; 5.699  ; 5.699  ;
; y[6]       ; p[7]        ; 5.948  ; 5.948  ; 5.948  ; 5.948  ;
; y[6]       ; p[8]        ; 6.746  ; 6.746  ; 6.746  ; 6.746  ;
; y[6]       ; p[9]        ; 7.052  ; 7.052  ; 7.052  ; 7.052  ;
; y[6]       ; p[10]       ; 7.780  ; 7.780  ; 7.780  ; 7.780  ;
; y[6]       ; p[11]       ; 7.954  ; 7.954  ; 7.954  ; 7.954  ;
; y[6]       ; p[12]       ; 8.692  ; 8.692  ; 8.692  ; 8.692  ;
; y[6]       ; p[13]       ; 8.624  ; 8.624  ; 8.624  ; 8.624  ;
; y[6]       ; p[14]       ; 8.956  ; 8.956  ; 8.956  ; 8.956  ;
; y[6]       ; p[15]       ; 9.292  ; 9.292  ; 9.292  ; 9.292  ;
; y[7]       ; p[7]        ; 5.490  ; 5.490  ; 5.490  ; 5.490  ;
; y[7]       ; p[8]        ; 6.693  ; 6.693  ; 6.693  ; 6.693  ;
; y[7]       ; p[9]        ; 7.015  ; 7.015  ; 7.015  ; 7.015  ;
; y[7]       ; p[10]       ; 7.743  ; 7.743  ; 7.743  ; 7.743  ;
; y[7]       ; p[11]       ; 7.917  ; 7.917  ; 7.917  ; 7.917  ;
; y[7]       ; p[12]       ; 8.655  ; 8.655  ; 8.655  ; 8.655  ;
; y[7]       ; p[13]       ; 8.587  ; 8.587  ; 8.587  ; 8.587  ;
; y[7]       ; p[14]       ; 8.919  ; 8.919  ; 8.919  ; 8.919  ;
; y[7]       ; p[15]       ; 9.255  ; 9.255  ; 9.255  ; 9.255  ;
+------------+-------------+--------+--------+--------+--------+


+----------------------------------------------------------+
; Minimum Propagation Delay                                ;
+------------+-------------+-------+-------+-------+-------+
; Input Port ; Output Port ; RR    ; RF    ; FR    ; FF    ;
+------------+-------------+-------+-------+-------+-------+
; x[0]       ; p[0]        ; 5.694 ;       ;       ; 5.694 ;
; x[0]       ; p[1]        ; 4.794 ; 4.794 ; 4.794 ; 4.794 ;
; x[0]       ; p[2]        ; 5.129 ; 5.129 ; 5.129 ; 5.129 ;
; x[0]       ; p[3]        ; 4.839 ; 4.839 ; 4.839 ; 4.839 ;
; x[0]       ; p[4]        ; 5.236 ; 5.236 ; 5.236 ; 5.236 ;
; x[0]       ; p[5]        ; 5.409 ; 5.409 ; 5.409 ; 5.409 ;
; x[0]       ; p[6]        ; 5.352 ; 5.352 ; 5.352 ; 5.352 ;
; x[0]       ; p[7]        ; 5.594 ; 5.594 ; 5.594 ; 5.594 ;
; x[0]       ; p[8]        ; 6.074 ; 6.074 ; 6.074 ; 6.074 ;
; x[0]       ; p[9]        ; 6.396 ; 6.396 ; 6.396 ; 6.396 ;
; x[0]       ; p[10]       ; 7.124 ; 7.124 ; 7.124 ; 7.124 ;
; x[0]       ; p[11]       ; 7.161 ; 7.161 ; 7.161 ; 7.161 ;
; x[0]       ; p[12]       ; 7.735 ; 7.735 ; 7.735 ; 7.735 ;
; x[0]       ; p[13]       ; 7.667 ; 7.667 ; 7.667 ; 7.667 ;
; x[0]       ; p[14]       ; 7.999 ; 7.999 ; 7.999 ; 7.999 ;
; x[0]       ; p[15]       ; 8.335 ; 8.399 ; 8.399 ; 8.335 ;
; x[1]       ; p[1]        ; 4.698 ; 4.698 ; 4.698 ; 4.698 ;
; x[1]       ; p[2]        ; 5.291 ; 5.291 ; 5.291 ; 5.291 ;
; x[1]       ; p[3]        ; 5.177 ; 5.177 ; 5.177 ; 5.177 ;
; x[1]       ; p[4]        ; 5.389 ; 5.389 ; 5.389 ; 5.389 ;
; x[1]       ; p[5]        ; 5.319 ; 5.319 ; 5.319 ; 5.319 ;
; x[1]       ; p[6]        ; 5.345 ; 5.345 ; 5.345 ; 5.345 ;
; x[1]       ; p[7]        ; 5.594 ; 5.594 ; 5.594 ; 5.594 ;
; x[1]       ; p[8]        ; 5.872 ; 5.872 ; 5.872 ; 5.872 ;
; x[1]       ; p[9]        ; 5.585 ; 5.585 ; 5.585 ; 5.585 ;
; x[1]       ; p[10]       ; 6.477 ; 6.477 ; 6.477 ; 6.477 ;
; x[1]       ; p[11]       ; 6.514 ; 6.514 ; 6.514 ; 6.514 ;
; x[1]       ; p[12]       ; 7.088 ; 7.088 ; 7.088 ; 7.088 ;
; x[1]       ; p[13]       ; 7.020 ; 7.020 ; 7.020 ; 7.020 ;
; x[1]       ; p[14]       ; 7.352 ; 7.352 ; 7.352 ; 7.352 ;
; x[1]       ; p[15]       ; 7.688 ; 7.989 ; 7.989 ; 7.688 ;
; x[2]       ; p[2]        ; 5.230 ; 5.230 ; 5.230 ; 5.230 ;
; x[2]       ; p[3]        ; 5.284 ; 5.284 ; 5.284 ; 5.284 ;
; x[2]       ; p[4]        ; 5.330 ; 5.330 ; 5.330 ; 5.330 ;
; x[2]       ; p[5]        ; 5.315 ; 5.315 ; 5.315 ; 5.315 ;
; x[2]       ; p[6]        ; 5.442 ; 5.442 ; 5.442 ; 5.442 ;
; x[2]       ; p[7]        ; 5.594 ; 5.594 ; 5.594 ; 5.594 ;
; x[2]       ; p[8]        ; 5.722 ; 5.722 ; 5.722 ; 5.722 ;
; x[2]       ; p[9]        ; 5.579 ; 5.579 ; 5.579 ; 5.579 ;
; x[2]       ; p[10]       ; 5.678 ; 5.678 ; 5.678 ; 5.678 ;
; x[2]       ; p[11]       ; 5.513 ; 5.513 ; 5.513 ; 5.513 ;
; x[2]       ; p[12]       ; 6.087 ; 6.087 ; 6.087 ; 6.087 ;
; x[2]       ; p[13]       ; 6.019 ; 6.019 ; 6.019 ; 6.019 ;
; x[2]       ; p[14]       ; 6.351 ; 6.351 ; 6.351 ; 6.351 ;
; x[2]       ; p[15]       ; 6.687 ; 6.991 ; 6.991 ; 6.687 ;
; x[3]       ; p[3]        ; 5.314 ; 5.314 ; 5.314 ; 5.314 ;
; x[3]       ; p[4]        ; 5.526 ; 5.526 ; 5.526 ; 5.526 ;
; x[3]       ; p[5]        ; 5.473 ; 5.473 ; 5.473 ; 5.473 ;
; x[3]       ; p[6]        ; 5.778 ; 5.778 ; 5.778 ; 5.778 ;
; x[3]       ; p[7]        ; 5.954 ; 5.954 ; 5.954 ; 5.954 ;
; x[3]       ; p[8]        ; 5.981 ; 5.981 ; 5.981 ; 5.981 ;
; x[3]       ; p[9]        ; 5.656 ; 5.656 ; 5.656 ; 5.656 ;
; x[3]       ; p[10]       ; 5.710 ; 5.710 ; 5.710 ; 5.710 ;
; x[3]       ; p[11]       ; 5.140 ; 5.140 ; 5.140 ; 5.140 ;
; x[3]       ; p[12]       ; 5.714 ; 5.714 ; 5.714 ; 5.714 ;
; x[3]       ; p[13]       ; 5.646 ; 5.646 ; 5.646 ; 5.646 ;
; x[3]       ; p[14]       ; 5.978 ; 5.978 ; 5.978 ; 5.978 ;
; x[3]       ; p[15]       ; 6.314 ; 6.615 ; 6.615 ; 6.314 ;
; x[4]       ; p[4]        ; 5.303 ; 5.303 ; 5.303 ; 5.303 ;
; x[4]       ; p[5]        ; 5.522 ; 5.522 ; 5.522 ; 5.522 ;
; x[4]       ; p[6]        ; 5.336 ; 5.336 ; 5.336 ; 5.336 ;
; x[4]       ; p[7]        ; 5.721 ; 5.721 ; 5.721 ; 5.721 ;
; x[4]       ; p[8]        ; 5.146 ; 5.146 ; 5.146 ; 5.146 ;
; x[4]       ; p[9]        ; 5.354 ; 5.354 ; 5.354 ; 5.354 ;
; x[4]       ; p[10]       ; 5.348 ; 5.348 ; 5.348 ; 5.348 ;
; x[4]       ; p[11]       ; 5.124 ; 5.124 ; 5.124 ; 5.124 ;
; x[4]       ; p[12]       ; 5.387 ; 5.387 ; 5.387 ; 5.387 ;
; x[4]       ; p[13]       ; 5.255 ; 5.255 ; 5.255 ; 5.255 ;
; x[4]       ; p[14]       ; 5.587 ; 5.587 ; 5.587 ; 5.587 ;
; x[4]       ; p[15]       ; 5.923 ; 6.132 ; 6.132 ; 5.923 ;
; x[5]       ; p[5]        ; 5.798 ; 5.798 ; 5.798 ; 5.798 ;
; x[5]       ; p[6]        ; 6.072 ; 6.072 ; 6.072 ; 6.072 ;
; x[5]       ; p[7]        ; 6.077 ; 6.077 ; 6.077 ; 6.077 ;
; x[5]       ; p[8]        ; 5.964 ; 5.964 ; 5.964 ; 5.964 ;
; x[5]       ; p[9]        ; 5.559 ; 5.559 ; 5.559 ; 5.559 ;
; x[5]       ; p[10]       ; 6.337 ; 6.337 ; 6.337 ; 6.337 ;
; x[5]       ; p[11]       ; 4.690 ; 4.690 ; 4.690 ; 4.690 ;
; x[5]       ; p[12]       ; 4.828 ; 4.828 ; 4.828 ; 4.828 ;
; x[5]       ; p[13]       ; 4.627 ; 4.627 ; 4.627 ; 4.627 ;
; x[5]       ; p[14]       ; 4.962 ; 4.962 ; 4.962 ; 4.962 ;
; x[5]       ; p[15]       ; 5.298 ; 5.436 ; 5.436 ; 5.298 ;
; x[6]       ; p[6]        ; 6.345 ; 6.345 ; 6.345 ; 6.345 ;
; x[6]       ; p[7]        ; 6.216 ; 6.216 ; 6.216 ; 6.216 ;
; x[6]       ; p[8]        ; 6.114 ; 6.114 ; 6.114 ; 6.114 ;
; x[6]       ; p[9]        ; 6.054 ; 6.054 ; 6.054 ; 6.054 ;
; x[6]       ; p[10]       ; 6.453 ; 6.453 ; 6.453 ; 6.453 ;
; x[6]       ; p[11]       ; 5.331 ; 5.331 ; 5.331 ; 5.331 ;
; x[6]       ; p[12]       ; 3.038 ; 3.038 ; 3.038 ; 3.038 ;
; x[6]       ; p[13]       ; 2.735 ; 2.735 ; 2.735 ; 2.735 ;
; x[6]       ; p[14]       ; 3.008 ; 3.008 ; 3.008 ; 3.008 ;
; x[6]       ; p[15]       ; 3.344 ; 3.589 ; 3.589 ; 3.344 ;
; x[7]       ; p[7]        ; 6.671 ; 6.671 ; 6.671 ; 6.671 ;
; x[7]       ; p[8]        ; 6.435 ; 6.435 ; 6.435 ; 6.435 ;
; x[7]       ; p[9]        ; 6.580 ; 6.580 ; 6.580 ; 6.580 ;
; x[7]       ; p[10]       ; 6.493 ; 6.493 ; 6.493 ; 6.493 ;
; x[7]       ; p[11]       ; 5.341 ; 5.341 ; 5.341 ; 5.341 ;
; x[7]       ; p[12]       ; 5.195 ; 5.195 ; 5.195 ; 5.195 ;
; x[7]       ; p[13]       ; 4.808 ; 4.808 ; 4.808 ; 4.808 ;
; x[7]       ; p[14]       ; 4.608 ; 4.608 ; 4.608 ; 4.608 ;
; x[7]       ; p[15]       ; 4.943 ; 5.496 ; 5.496 ; 4.943 ;
; y[0]       ; p[0]        ; 5.924 ;       ;       ; 5.924 ;
; y[0]       ; p[1]        ; 5.024 ; 5.024 ; 5.024 ; 5.024 ;
; y[0]       ; p[2]        ; 5.315 ; 5.315 ; 5.315 ; 5.315 ;
; y[0]       ; p[3]        ; 5.415 ; 5.415 ; 5.415 ; 5.415 ;
; y[0]       ; p[4]        ; 5.603 ; 5.603 ; 5.603 ; 5.603 ;
; y[0]       ; p[5]        ; 5.686 ; 5.686 ; 5.686 ; 5.686 ;
; y[0]       ; p[6]        ; 5.960 ; 5.960 ; 5.960 ; 5.960 ;
; y[0]       ; p[7]        ; 6.421 ; 6.421 ; 6.421 ; 6.421 ;
; y[0]       ; p[8]        ; 6.374 ; 6.374 ; 6.374 ; 6.374 ;
; y[0]       ; p[9]        ; 6.519 ; 6.519 ; 6.519 ; 6.519 ;
; y[0]       ; p[10]       ; 7.421 ; 7.421 ; 7.421 ; 7.421 ;
; y[0]       ; p[11]       ; 7.162 ; 7.162 ; 7.162 ; 7.162 ;
; y[0]       ; p[12]       ; 7.716 ; 7.716 ; 7.716 ; 7.716 ;
; y[0]       ; p[13]       ; 7.480 ; 7.480 ; 7.480 ; 7.480 ;
; y[0]       ; p[14]       ; 7.819 ; 7.819 ; 7.819 ; 7.819 ;
; y[0]       ; p[15]       ; 8.155 ; 8.155 ; 8.155 ; 8.155 ;
; y[1]       ; p[1]        ; 4.968 ; 4.968 ; 4.968 ; 4.968 ;
; y[1]       ; p[2]        ; 5.334 ; 5.334 ; 5.334 ; 5.334 ;
; y[1]       ; p[3]        ; 5.312 ; 5.312 ; 5.312 ; 5.312 ;
; y[1]       ; p[4]        ; 5.603 ; 5.603 ; 5.603 ; 5.603 ;
; y[1]       ; p[5]        ; 5.822 ; 5.822 ; 5.822 ; 5.822 ;
; y[1]       ; p[6]        ; 6.127 ; 6.127 ; 6.127 ; 6.127 ;
; y[1]       ; p[7]        ; 6.560 ; 6.560 ; 6.560 ; 6.560 ;
; y[1]       ; p[8]        ; 6.572 ; 6.572 ; 6.572 ; 6.572 ;
; y[1]       ; p[9]        ; 6.717 ; 6.717 ; 6.717 ; 6.717 ;
; y[1]       ; p[10]       ; 7.624 ; 7.624 ; 7.624 ; 7.624 ;
; y[1]       ; p[11]       ; 7.365 ; 7.365 ; 7.365 ; 7.365 ;
; y[1]       ; p[12]       ; 7.919 ; 7.919 ; 7.919 ; 7.919 ;
; y[1]       ; p[13]       ; 7.683 ; 7.683 ; 7.683 ; 7.683 ;
; y[1]       ; p[14]       ; 8.022 ; 8.022 ; 8.022 ; 8.022 ;
; y[1]       ; p[15]       ; 8.358 ; 8.358 ; 8.358 ; 8.358 ;
; y[2]       ; p[2]        ; 5.094 ; 5.094 ; 5.094 ; 5.094 ;
; y[2]       ; p[3]        ; 5.007 ; 5.007 ; 5.007 ; 5.007 ;
; y[2]       ; p[4]        ; 5.266 ; 5.266 ; 5.266 ; 5.266 ;
; y[2]       ; p[5]        ; 5.316 ; 5.316 ; 5.316 ; 5.316 ;
; y[2]       ; p[6]        ; 5.513 ; 5.513 ; 5.513 ; 5.513 ;
; y[2]       ; p[7]        ; 5.897 ; 5.897 ; 5.897 ; 5.897 ;
; y[2]       ; p[8]        ; 6.173 ; 6.173 ; 6.173 ; 6.173 ;
; y[2]       ; p[9]        ; 6.239 ; 6.239 ; 6.239 ; 6.239 ;
; y[2]       ; p[10]       ; 6.904 ; 6.904 ; 6.904 ; 6.904 ;
; y[2]       ; p[11]       ; 6.645 ; 6.645 ; 6.645 ; 6.645 ;
; y[2]       ; p[12]       ; 7.199 ; 7.199 ; 7.199 ; 7.199 ;
; y[2]       ; p[13]       ; 6.963 ; 6.963 ; 6.963 ; 6.963 ;
; y[2]       ; p[14]       ; 7.302 ; 7.302 ; 7.302 ; 7.302 ;
; y[2]       ; p[15]       ; 7.638 ; 7.638 ; 7.638 ; 7.638 ;
; y[3]       ; p[3]        ; 4.861 ; 4.861 ; 4.861 ; 4.861 ;
; y[3]       ; p[4]        ; 5.181 ; 5.181 ; 5.181 ; 5.181 ;
; y[3]       ; p[5]        ; 5.066 ; 5.066 ; 5.066 ; 5.066 ;
; y[3]       ; p[6]        ; 5.371 ; 5.371 ; 5.371 ; 5.371 ;
; y[3]       ; p[7]        ; 5.804 ; 5.804 ; 5.804 ; 5.804 ;
; y[3]       ; p[8]        ; 6.100 ; 6.100 ; 6.100 ; 6.100 ;
; y[3]       ; p[9]        ; 6.115 ; 6.115 ; 6.115 ; 6.115 ;
; y[3]       ; p[10]       ; 6.465 ; 6.465 ; 6.465 ; 6.465 ;
; y[3]       ; p[11]       ; 6.207 ; 6.207 ; 6.207 ; 6.207 ;
; y[3]       ; p[12]       ; 6.761 ; 6.761 ; 6.761 ; 6.761 ;
; y[3]       ; p[13]       ; 6.525 ; 6.525 ; 6.525 ; 6.525 ;
; y[3]       ; p[14]       ; 6.864 ; 6.864 ; 6.864 ; 6.864 ;
; y[3]       ; p[15]       ; 7.200 ; 7.200 ; 7.200 ; 7.200 ;
; y[4]       ; p[4]        ; 5.397 ; 5.397 ; 5.397 ; 5.397 ;
; y[4]       ; p[5]        ; 5.389 ; 5.389 ; 5.389 ; 5.389 ;
; y[4]       ; p[6]        ; 5.124 ; 5.124 ; 5.124 ; 5.124 ;
; y[4]       ; p[7]        ; 5.424 ; 5.424 ; 5.424 ; 5.424 ;
; y[4]       ; p[8]        ; 5.341 ; 5.341 ; 5.341 ; 5.341 ;
; y[4]       ; p[9]        ; 5.550 ; 5.550 ; 5.550 ; 5.550 ;
; y[4]       ; p[10]       ; 6.212 ; 6.212 ; 6.212 ; 6.212 ;
; y[4]       ; p[11]       ; 5.325 ; 5.325 ; 5.325 ; 5.325 ;
; y[4]       ; p[12]       ; 5.649 ; 5.649 ; 5.649 ; 5.649 ;
; y[4]       ; p[13]       ; 5.410 ; 5.410 ; 5.410 ; 5.410 ;
; y[4]       ; p[14]       ; 5.749 ; 5.749 ; 5.749 ; 5.749 ;
; y[4]       ; p[15]       ; 6.085 ; 6.085 ; 6.085 ; 6.085 ;
; y[5]       ; p[5]        ; 5.579 ; 5.579 ; 5.579 ; 5.579 ;
; y[5]       ; p[6]        ; 5.076 ; 5.076 ; 5.076 ; 5.076 ;
; y[5]       ; p[7]        ; 5.505 ; 5.505 ; 5.505 ; 5.505 ;
; y[5]       ; p[8]        ; 5.556 ; 5.556 ; 5.556 ; 5.556 ;
; y[5]       ; p[9]        ; 5.742 ; 5.742 ; 5.742 ; 5.742 ;
; y[5]       ; p[10]       ; 6.359 ; 6.359 ; 6.359 ; 6.359 ;
; y[5]       ; p[11]       ; 5.307 ; 5.307 ; 5.307 ; 5.307 ;
; y[5]       ; p[12]       ; 5.318 ; 5.318 ; 5.318 ; 5.318 ;
; y[5]       ; p[13]       ; 5.080 ; 5.080 ; 5.080 ; 5.080 ;
; y[5]       ; p[14]       ; 5.419 ; 5.419 ; 5.419 ; 5.419 ;
; y[5]       ; p[15]       ; 5.755 ; 5.755 ; 5.755 ; 5.755 ;
; y[6]       ; p[6]        ; 5.699 ; 5.699 ; 5.699 ; 5.699 ;
; y[6]       ; p[7]        ; 5.332 ; 5.332 ; 5.332 ; 5.332 ;
; y[6]       ; p[8]        ; 5.603 ; 5.603 ; 5.603 ; 5.603 ;
; y[6]       ; p[9]        ; 5.192 ; 5.192 ; 5.192 ; 5.192 ;
; y[6]       ; p[10]       ; 5.428 ; 5.428 ; 5.428 ; 5.428 ;
; y[6]       ; p[11]       ; 5.017 ; 5.017 ; 5.017 ; 5.017 ;
; y[6]       ; p[12]       ; 5.358 ; 5.358 ; 5.358 ; 5.358 ;
; y[6]       ; p[13]       ; 4.979 ; 4.979 ; 4.979 ; 4.979 ;
; y[6]       ; p[14]       ; 5.172 ; 5.172 ; 5.172 ; 5.172 ;
; y[6]       ; p[15]       ; 5.508 ; 5.749 ; 5.749 ; 5.508 ;
; y[7]       ; p[7]        ; 5.490 ; 5.490 ; 5.490 ; 5.490 ;
; y[7]       ; p[8]        ; 5.766 ; 5.766 ; 5.766 ; 5.766 ;
; y[7]       ; p[9]        ; 5.600 ; 5.600 ; 5.600 ; 5.600 ;
; y[7]       ; p[10]       ; 5.781 ; 5.781 ; 5.781 ; 5.781 ;
; y[7]       ; p[11]       ; 5.149 ; 5.149 ; 5.149 ; 5.149 ;
; y[7]       ; p[12]       ; 5.305 ; 5.305 ; 5.305 ; 5.305 ;
; y[7]       ; p[13]       ; 5.001 ; 5.001 ; 5.001 ; 5.001 ;
; y[7]       ; p[14]       ; 4.883 ; 4.883 ; 4.883 ; 4.883 ;
; y[7]       ; p[15]       ; 5.219 ; 5.776 ; 5.776 ; 5.219 ;
+------------+-------------+-------+-------+-------+-------+


+----------------------------------------------------------------------------+
; Multicorner Timing Analysis Summary                                        ;
+------------------+-------+------+----------+---------+---------------------+
; Clock            ; Setup ; Hold ; Recovery ; Removal ; Minimum Pulse Width ;
+------------------+-------+------+----------+---------+---------------------+
; Worst-case Slack ; N/A   ; N/A  ; N/A      ; N/A     ; N/A                 ;
; Design-wide TNS  ; 0.0   ; 0.0  ; 0.0      ; 0.0     ; 0.0                 ;
+------------------+-------+------+----------+---------+---------------------+


+--------------------------------------------------------------+
; Progagation Delay                                            ;
+------------+-------------+--------+--------+--------+--------+
; Input Port ; Output Port ; RR     ; RF     ; FR     ; FF     ;
+------------+-------------+--------+--------+--------+--------+
; x[0]       ; p[0]        ; 9.908  ;        ;        ; 9.908  ;
; x[0]       ; p[1]        ; 8.325  ; 8.325  ; 8.325  ; 8.325  ;
; x[0]       ; p[2]        ; 8.976  ; 8.976  ; 8.976  ; 8.976  ;
; x[0]       ; p[3]        ; 9.216  ; 9.216  ; 9.216  ; 9.216  ;
; x[0]       ; p[4]        ; 11.219 ; 11.219 ; 11.219 ; 11.219 ;
; x[0]       ; p[5]        ; 11.860 ; 11.860 ; 11.860 ; 11.860 ;
; x[0]       ; p[6]        ; 12.979 ; 12.979 ; 12.979 ; 12.979 ;
; x[0]       ; p[7]        ; 14.539 ; 14.539 ; 14.539 ; 14.539 ;
; x[0]       ; p[8]        ; 15.330 ; 15.330 ; 15.330 ; 15.330 ;
; x[0]       ; p[9]        ; 16.324 ; 16.324 ; 16.324 ; 16.324 ;
; x[0]       ; p[10]       ; 17.878 ; 17.878 ; 17.878 ; 17.878 ;
; x[0]       ; p[11]       ; 18.182 ; 18.182 ; 18.182 ; 18.182 ;
; x[0]       ; p[12]       ; 19.509 ; 19.509 ; 19.509 ; 19.509 ;
; x[0]       ; p[13]       ; 19.502 ; 19.502 ; 19.502 ; 19.502 ;
; x[0]       ; p[14]       ; 20.183 ; 20.183 ; 20.183 ; 20.183 ;
; x[0]       ; p[15]       ; 20.852 ; 20.852 ; 20.852 ; 20.852 ;
; x[1]       ; p[1]        ; 8.120  ; 8.120  ; 8.120  ; 8.120  ;
; x[1]       ; p[2]        ; 9.319  ; 9.319  ; 9.319  ; 9.319  ;
; x[1]       ; p[3]        ; 9.626  ; 9.626  ; 9.626  ; 9.626  ;
; x[1]       ; p[4]        ; 11.303 ; 11.303 ; 11.303 ; 11.303 ;
; x[1]       ; p[5]        ; 11.944 ; 11.944 ; 11.944 ; 11.944 ;
; x[1]       ; p[6]        ; 13.063 ; 13.063 ; 13.063 ; 13.063 ;
; x[1]       ; p[7]        ; 14.623 ; 14.623 ; 14.623 ; 14.623 ;
; x[1]       ; p[8]        ; 15.414 ; 15.414 ; 15.414 ; 15.414 ;
; x[1]       ; p[9]        ; 16.408 ; 16.408 ; 16.408 ; 16.408 ;
; x[1]       ; p[10]       ; 17.962 ; 17.962 ; 17.962 ; 17.962 ;
; x[1]       ; p[11]       ; 18.266 ; 18.266 ; 18.266 ; 18.266 ;
; x[1]       ; p[12]       ; 19.593 ; 19.593 ; 19.593 ; 19.593 ;
; x[1]       ; p[13]       ; 19.586 ; 19.586 ; 19.586 ; 19.586 ;
; x[1]       ; p[14]       ; 20.267 ; 20.267 ; 20.267 ; 20.267 ;
; x[1]       ; p[15]       ; 20.936 ; 20.936 ; 20.936 ; 20.936 ;
; x[2]       ; p[2]        ; 9.091  ; 9.091  ; 9.091  ; 9.091  ;
; x[2]       ; p[3]        ; 9.379  ; 9.379  ; 9.379  ; 9.379  ;
; x[2]       ; p[4]        ; 11.235 ; 11.235 ; 11.235 ; 11.235 ;
; x[2]       ; p[5]        ; 11.876 ; 11.876 ; 11.876 ; 11.876 ;
; x[2]       ; p[6]        ; 12.995 ; 12.995 ; 12.995 ; 12.995 ;
; x[2]       ; p[7]        ; 14.555 ; 14.555 ; 14.555 ; 14.555 ;
; x[2]       ; p[8]        ; 15.346 ; 15.346 ; 15.346 ; 15.346 ;
; x[2]       ; p[9]        ; 16.340 ; 16.340 ; 16.340 ; 16.340 ;
; x[2]       ; p[10]       ; 17.894 ; 17.894 ; 17.894 ; 17.894 ;
; x[2]       ; p[11]       ; 18.198 ; 18.198 ; 18.198 ; 18.198 ;
; x[2]       ; p[12]       ; 19.525 ; 19.525 ; 19.525 ; 19.525 ;
; x[2]       ; p[13]       ; 19.518 ; 19.518 ; 19.518 ; 19.518 ;
; x[2]       ; p[14]       ; 20.199 ; 20.199 ; 20.199 ; 20.199 ;
; x[2]       ; p[15]       ; 20.868 ; 20.868 ; 20.868 ; 20.868 ;
; x[3]       ; p[3]        ; 9.359  ; 9.359  ; 9.359  ; 9.359  ;
; x[3]       ; p[4]        ; 10.081 ; 10.081 ; 10.081 ; 10.081 ;
; x[3]       ; p[5]        ; 10.855 ; 10.855 ; 10.855 ; 10.855 ;
; x[3]       ; p[6]        ; 11.974 ; 11.974 ; 11.974 ; 11.974 ;
; x[3]       ; p[7]        ; 13.534 ; 13.534 ; 13.534 ; 13.534 ;
; x[3]       ; p[8]        ; 14.682 ; 14.682 ; 14.682 ; 14.682 ;
; x[3]       ; p[9]        ; 15.319 ; 15.319 ; 15.319 ; 15.319 ;
; x[3]       ; p[10]       ; 16.881 ; 16.881 ; 16.881 ; 16.881 ;
; x[3]       ; p[11]       ; 17.185 ; 17.185 ; 17.185 ; 17.185 ;
; x[3]       ; p[12]       ; 18.512 ; 18.512 ; 18.512 ; 18.512 ;
; x[3]       ; p[13]       ; 18.505 ; 18.505 ; 18.505 ; 18.505 ;
; x[3]       ; p[14]       ; 19.186 ; 19.186 ; 19.186 ; 19.186 ;
; x[3]       ; p[15]       ; 19.855 ; 19.855 ; 19.855 ; 19.855 ;
; x[4]       ; p[4]        ; 9.335  ; 9.335  ; 9.335  ; 9.335  ;
; x[4]       ; p[5]        ; 10.133 ; 10.133 ; 10.133 ; 10.133 ;
; x[4]       ; p[6]        ; 11.459 ; 11.459 ; 11.459 ; 11.459 ;
; x[4]       ; p[7]        ; 13.019 ; 13.019 ; 13.019 ; 13.019 ;
; x[4]       ; p[8]        ; 14.250 ; 14.250 ; 14.250 ; 14.250 ;
; x[4]       ; p[9]        ; 14.850 ; 14.850 ; 14.850 ; 14.850 ;
; x[4]       ; p[10]       ; 16.524 ; 16.524 ; 16.524 ; 16.524 ;
; x[4]       ; p[11]       ; 16.828 ; 16.828 ; 16.828 ; 16.828 ;
; x[4]       ; p[12]       ; 18.155 ; 18.155 ; 18.155 ; 18.155 ;
; x[4]       ; p[13]       ; 18.148 ; 18.148 ; 18.148 ; 18.148 ;
; x[4]       ; p[14]       ; 18.829 ; 18.829 ; 18.829 ; 18.829 ;
; x[4]       ; p[15]       ; 19.498 ; 19.498 ; 19.498 ; 19.498 ;
; x[5]       ; p[5]        ; 10.253 ; 10.253 ; 10.253 ; 10.253 ;
; x[5]       ; p[6]        ; 11.579 ; 11.579 ; 11.579 ; 11.579 ;
; x[5]       ; p[7]        ; 13.139 ; 13.139 ; 13.139 ; 13.139 ;
; x[5]       ; p[8]        ; 14.041 ; 14.041 ; 14.041 ; 14.041 ;
; x[5]       ; p[9]        ; 14.955 ; 14.955 ; 14.955 ; 14.955 ;
; x[5]       ; p[10]       ; 16.644 ; 16.644 ; 16.644 ; 16.644 ;
; x[5]       ; p[11]       ; 16.948 ; 16.948 ; 16.948 ; 16.948 ;
; x[5]       ; p[12]       ; 18.275 ; 18.275 ; 18.275 ; 18.275 ;
; x[5]       ; p[13]       ; 18.268 ; 18.268 ; 18.268 ; 18.268 ;
; x[5]       ; p[14]       ; 18.949 ; 18.949 ; 18.949 ; 18.949 ;
; x[5]       ; p[15]       ; 19.618 ; 19.618 ; 19.618 ; 19.618 ;
; x[6]       ; p[6]        ; 11.226 ; 11.226 ; 11.226 ; 11.226 ;
; x[6]       ; p[7]        ; 12.786 ; 12.786 ; 12.786 ; 12.786 ;
; x[6]       ; p[8]        ; 13.924 ; 13.924 ; 13.924 ; 13.924 ;
; x[6]       ; p[9]        ; 14.571 ; 14.571 ; 14.571 ; 14.571 ;
; x[6]       ; p[10]       ; 16.124 ; 16.124 ; 16.124 ; 16.124 ;
; x[6]       ; p[11]       ; 16.428 ; 16.428 ; 16.428 ; 16.428 ;
; x[6]       ; p[12]       ; 17.755 ; 17.755 ; 17.755 ; 17.755 ;
; x[6]       ; p[13]       ; 17.748 ; 17.748 ; 17.748 ; 17.748 ;
; x[6]       ; p[14]       ; 18.429 ; 18.429 ; 18.429 ; 18.429 ;
; x[6]       ; p[15]       ; 19.098 ; 19.098 ; 19.098 ; 19.098 ;
; x[7]       ; p[7]        ; 11.974 ; 11.974 ; 11.974 ; 11.974 ;
; x[7]       ; p[8]        ; 14.247 ; 14.247 ; 14.247 ; 14.247 ;
; x[7]       ; p[9]        ; 14.847 ; 14.847 ; 14.847 ; 14.847 ;
; x[7]       ; p[10]       ; 16.119 ; 16.119 ; 16.119 ; 16.119 ;
; x[7]       ; p[11]       ; 16.486 ; 16.486 ; 16.486 ; 16.486 ;
; x[7]       ; p[12]       ; 17.813 ; 17.813 ; 17.813 ; 17.813 ;
; x[7]       ; p[13]       ; 17.806 ; 17.806 ; 17.806 ; 17.806 ;
; x[7]       ; p[14]       ; 18.487 ; 18.487 ; 18.487 ; 18.487 ;
; x[7]       ; p[15]       ; 19.156 ; 19.156 ; 19.156 ; 19.156 ;
; y[0]       ; p[0]        ; 10.327 ;        ;        ; 10.327 ;
; y[0]       ; p[1]        ; 8.744  ; 8.744  ; 8.744  ; 8.744  ;
; y[0]       ; p[2]        ; 9.222  ; 9.222  ; 9.222  ; 9.222  ;
; y[0]       ; p[3]        ; 9.642  ; 9.642  ; 9.642  ; 9.642  ;
; y[0]       ; p[4]        ; 10.364 ; 10.364 ; 10.364 ; 10.364 ;
; y[0]       ; p[5]        ; 11.138 ; 11.138 ; 11.138 ; 11.138 ;
; y[0]       ; p[6]        ; 12.257 ; 12.257 ; 12.257 ; 12.257 ;
; y[0]       ; p[7]        ; 13.817 ; 13.817 ; 13.817 ; 13.817 ;
; y[0]       ; p[8]        ; 14.715 ; 14.715 ; 14.715 ; 14.715 ;
; y[0]       ; p[9]        ; 15.602 ; 15.602 ; 15.602 ; 15.602 ;
; y[0]       ; p[10]       ; 17.156 ; 17.156 ; 17.156 ; 17.156 ;
; y[0]       ; p[11]       ; 17.460 ; 17.460 ; 17.460 ; 17.460 ;
; y[0]       ; p[12]       ; 18.787 ; 18.787 ; 18.787 ; 18.787 ;
; y[0]       ; p[13]       ; 18.780 ; 18.780 ; 18.780 ; 18.780 ;
; y[0]       ; p[14]       ; 19.461 ; 19.461 ; 19.461 ; 19.461 ;
; y[0]       ; p[15]       ; 20.130 ; 20.130 ; 20.130 ; 20.130 ;
; y[1]       ; p[1]        ; 8.510  ; 8.510  ; 8.510  ; 8.510  ;
; y[1]       ; p[2]        ; 9.181  ; 9.181  ; 9.181  ; 9.181  ;
; y[1]       ; p[3]        ; 9.274  ; 9.274  ; 9.274  ; 9.274  ;
; y[1]       ; p[4]        ; 10.033 ; 10.033 ; 10.033 ; 10.033 ;
; y[1]       ; p[5]        ; 10.839 ; 10.839 ; 10.839 ; 10.839 ;
; y[1]       ; p[6]        ; 12.165 ; 12.165 ; 12.165 ; 12.165 ;
; y[1]       ; p[7]        ; 13.725 ; 13.725 ; 13.725 ; 13.725 ;
; y[1]       ; p[8]        ; 14.956 ; 14.956 ; 14.956 ; 14.956 ;
; y[1]       ; p[9]        ; 15.556 ; 15.556 ; 15.556 ; 15.556 ;
; y[1]       ; p[10]       ; 17.230 ; 17.230 ; 17.230 ; 17.230 ;
; y[1]       ; p[11]       ; 17.534 ; 17.534 ; 17.534 ; 17.534 ;
; y[1]       ; p[12]       ; 18.861 ; 18.861 ; 18.861 ; 18.861 ;
; y[1]       ; p[13]       ; 18.854 ; 18.854 ; 18.854 ; 18.854 ;
; y[1]       ; p[14]       ; 19.535 ; 19.535 ; 19.535 ; 19.535 ;
; y[1]       ; p[15]       ; 20.204 ; 20.204 ; 20.204 ; 20.204 ;
; y[2]       ; p[2]        ; 8.904  ; 8.904  ; 8.904  ; 8.904  ;
; y[2]       ; p[3]        ; 9.321  ; 9.321  ; 9.321  ; 9.321  ;
; y[2]       ; p[4]        ; 10.043 ; 10.043 ; 10.043 ; 10.043 ;
; y[2]       ; p[5]        ; 10.817 ; 10.817 ; 10.817 ; 10.817 ;
; y[2]       ; p[6]        ; 11.936 ; 11.936 ; 11.936 ; 11.936 ;
; y[2]       ; p[7]        ; 13.496 ; 13.496 ; 13.496 ; 13.496 ;
; y[2]       ; p[8]        ; 14.287 ; 14.287 ; 14.287 ; 14.287 ;
; y[2]       ; p[9]        ; 15.281 ; 15.281 ; 15.281 ; 15.281 ;
; y[2]       ; p[10]       ; 16.835 ; 16.835 ; 16.835 ; 16.835 ;
; y[2]       ; p[11]       ; 17.139 ; 17.139 ; 17.139 ; 17.139 ;
; y[2]       ; p[12]       ; 18.466 ; 18.466 ; 18.466 ; 18.466 ;
; y[2]       ; p[13]       ; 18.459 ; 18.459 ; 18.459 ; 18.459 ;
; y[2]       ; p[14]       ; 19.140 ; 19.140 ; 19.140 ; 19.140 ;
; y[2]       ; p[15]       ; 19.809 ; 19.809 ; 19.809 ; 19.809 ;
; y[3]       ; p[3]        ; 8.432  ; 8.432  ; 8.432  ; 8.432  ;
; y[3]       ; p[4]        ; 9.188  ; 9.188  ; 9.188  ; 9.188  ;
; y[3]       ; p[5]        ; 9.927  ; 9.927  ; 9.927  ; 9.927  ;
; y[3]       ; p[6]        ; 11.046 ; 11.046 ; 11.046 ; 11.046 ;
; y[3]       ; p[7]        ; 12.606 ; 12.606 ; 12.606 ; 12.606 ;
; y[3]       ; p[8]        ; 13.758 ; 13.758 ; 13.758 ; 13.758 ;
; y[3]       ; p[9]        ; 14.391 ; 14.391 ; 14.391 ; 14.391 ;
; y[3]       ; p[10]       ; 15.945 ; 15.945 ; 15.945 ; 15.945 ;
; y[3]       ; p[11]       ; 16.249 ; 16.249 ; 16.249 ; 16.249 ;
; y[3]       ; p[12]       ; 17.576 ; 17.576 ; 17.576 ; 17.576 ;
; y[3]       ; p[13]       ; 17.569 ; 17.569 ; 17.569 ; 17.569 ;
; y[3]       ; p[14]       ; 18.250 ; 18.250 ; 18.250 ; 18.250 ;
; y[3]       ; p[15]       ; 18.919 ; 18.919 ; 18.919 ; 18.919 ;
; y[4]       ; p[4]        ; 9.453  ; 9.453  ; 9.453  ; 9.453  ;
; y[4]       ; p[5]        ; 9.947  ; 9.947  ; 9.947  ; 9.947  ;
; y[4]       ; p[6]        ; 10.495 ; 10.495 ; 10.495 ; 10.495 ;
; y[4]       ; p[7]        ; 12.187 ; 12.187 ; 12.187 ; 12.187 ;
; y[4]       ; p[8]        ; 12.972 ; 12.972 ; 12.972 ; 12.972 ;
; y[4]       ; p[9]        ; 13.972 ; 13.972 ; 13.972 ; 13.972 ;
; y[4]       ; p[10]       ; 15.418 ; 15.418 ; 15.418 ; 15.418 ;
; y[4]       ; p[11]       ; 15.785 ; 15.785 ; 15.785 ; 15.785 ;
; y[4]       ; p[12]       ; 17.112 ; 17.112 ; 17.112 ; 17.112 ;
; y[4]       ; p[13]       ; 17.105 ; 17.105 ; 17.105 ; 17.105 ;
; y[4]       ; p[14]       ; 17.786 ; 17.786 ; 17.786 ; 17.786 ;
; y[4]       ; p[15]       ; 18.455 ; 18.455 ; 18.455 ; 18.455 ;
; y[5]       ; p[5]        ; 9.813  ; 9.813  ; 9.813  ; 9.813  ;
; y[5]       ; p[6]        ; 10.361 ; 10.361 ; 10.361 ; 10.361 ;
; y[5]       ; p[7]        ; 12.053 ; 12.053 ; 12.053 ; 12.053 ;
; y[5]       ; p[8]        ; 12.838 ; 12.838 ; 12.838 ; 12.838 ;
; y[5]       ; p[9]        ; 13.838 ; 13.838 ; 13.838 ; 13.838 ;
; y[5]       ; p[10]       ; 15.284 ; 15.284 ; 15.284 ; 15.284 ;
; y[5]       ; p[11]       ; 15.651 ; 15.651 ; 15.651 ; 15.651 ;
; y[5]       ; p[12]       ; 16.978 ; 16.978 ; 16.978 ; 16.978 ;
; y[5]       ; p[13]       ; 16.971 ; 16.971 ; 16.971 ; 16.971 ;
; y[5]       ; p[14]       ; 17.652 ; 17.652 ; 17.652 ; 17.652 ;
; y[5]       ; p[15]       ; 18.321 ; 18.321 ; 18.321 ; 18.321 ;
; y[6]       ; p[6]        ; 10.048 ; 10.048 ; 10.048 ; 10.048 ;
; y[6]       ; p[7]        ; 10.443 ; 10.443 ; 10.443 ; 10.443 ;
; y[6]       ; p[8]        ; 11.989 ; 11.989 ; 11.989 ; 11.989 ;
; y[6]       ; p[9]        ; 12.551 ; 12.551 ; 12.551 ; 12.551 ;
; y[6]       ; p[10]       ; 13.823 ; 13.823 ; 13.823 ; 13.823 ;
; y[6]       ; p[11]       ; 14.190 ; 14.190 ; 14.190 ; 14.190 ;
; y[6]       ; p[12]       ; 15.517 ; 15.517 ; 15.517 ; 15.517 ;
; y[6]       ; p[13]       ; 15.510 ; 15.510 ; 15.510 ; 15.510 ;
; y[6]       ; p[14]       ; 16.191 ; 16.191 ; 16.191 ; 16.191 ;
; y[6]       ; p[15]       ; 16.860 ; 16.860 ; 16.860 ; 16.860 ;
; y[7]       ; p[7]        ; 9.580  ; 9.580  ; 9.580  ; 9.580  ;
; y[7]       ; p[8]        ; 11.704 ; 11.704 ; 11.704 ; 11.704 ;
; y[7]       ; p[9]        ; 12.304 ; 12.304 ; 12.304 ; 12.304 ;
; y[7]       ; p[10]       ; 13.576 ; 13.576 ; 13.576 ; 13.576 ;
; y[7]       ; p[11]       ; 13.943 ; 13.943 ; 13.943 ; 13.943 ;
; y[7]       ; p[12]       ; 15.270 ; 15.270 ; 15.270 ; 15.270 ;
; y[7]       ; p[13]       ; 15.263 ; 15.263 ; 15.263 ; 15.263 ;
; y[7]       ; p[14]       ; 15.944 ; 15.944 ; 15.944 ; 15.944 ;
; y[7]       ; p[15]       ; 16.613 ; 16.613 ; 16.613 ; 16.613 ;
+------------+-------------+--------+--------+--------+--------+


+----------------------------------------------------------+
; Minimum Progagation Delay                                ;
+------------+-------------+-------+-------+-------+-------+
; Input Port ; Output Port ; RR    ; RF    ; FR    ; FF    ;
+------------+-------------+-------+-------+-------+-------+
; x[0]       ; p[0]        ; 5.694 ;       ;       ; 5.694 ;
; x[0]       ; p[1]        ; 4.794 ; 4.794 ; 4.794 ; 4.794 ;
; x[0]       ; p[2]        ; 5.129 ; 5.129 ; 5.129 ; 5.129 ;
; x[0]       ; p[3]        ; 4.839 ; 4.839 ; 4.839 ; 4.839 ;
; x[0]       ; p[4]        ; 5.236 ; 5.236 ; 5.236 ; 5.236 ;
; x[0]       ; p[5]        ; 5.409 ; 5.409 ; 5.409 ; 5.409 ;
; x[0]       ; p[6]        ; 5.352 ; 5.352 ; 5.352 ; 5.352 ;
; x[0]       ; p[7]        ; 5.594 ; 5.594 ; 5.594 ; 5.594 ;
; x[0]       ; p[8]        ; 6.074 ; 6.074 ; 6.074 ; 6.074 ;
; x[0]       ; p[9]        ; 6.396 ; 6.396 ; 6.396 ; 6.396 ;
; x[0]       ; p[10]       ; 7.124 ; 7.124 ; 7.124 ; 7.124 ;
; x[0]       ; p[11]       ; 7.161 ; 7.161 ; 7.161 ; 7.161 ;
; x[0]       ; p[12]       ; 7.735 ; 7.735 ; 7.735 ; 7.735 ;
; x[0]       ; p[13]       ; 7.667 ; 7.667 ; 7.667 ; 7.667 ;
; x[0]       ; p[14]       ; 7.999 ; 7.999 ; 7.999 ; 7.999 ;
; x[0]       ; p[15]       ; 8.335 ; 8.399 ; 8.399 ; 8.335 ;
; x[1]       ; p[1]        ; 4.698 ; 4.698 ; 4.698 ; 4.698 ;
; x[1]       ; p[2]        ; 5.291 ; 5.291 ; 5.291 ; 5.291 ;
; x[1]       ; p[3]        ; 5.177 ; 5.177 ; 5.177 ; 5.177 ;
; x[1]       ; p[4]        ; 5.389 ; 5.389 ; 5.389 ; 5.389 ;
; x[1]       ; p[5]        ; 5.319 ; 5.319 ; 5.319 ; 5.319 ;
; x[1]       ; p[6]        ; 5.345 ; 5.345 ; 5.345 ; 5.345 ;
; x[1]       ; p[7]        ; 5.594 ; 5.594 ; 5.594 ; 5.594 ;
; x[1]       ; p[8]        ; 5.872 ; 5.872 ; 5.872 ; 5.872 ;
; x[1]       ; p[9]        ; 5.585 ; 5.585 ; 5.585 ; 5.585 ;
; x[1]       ; p[10]       ; 6.477 ; 6.477 ; 6.477 ; 6.477 ;
; x[1]       ; p[11]       ; 6.514 ; 6.514 ; 6.514 ; 6.514 ;
; x[1]       ; p[12]       ; 7.088 ; 7.088 ; 7.088 ; 7.088 ;
; x[1]       ; p[13]       ; 7.020 ; 7.020 ; 7.020 ; 7.020 ;
; x[1]       ; p[14]       ; 7.352 ; 7.352 ; 7.352 ; 7.352 ;
; x[1]       ; p[15]       ; 7.688 ; 7.989 ; 7.989 ; 7.688 ;
; x[2]       ; p[2]        ; 5.230 ; 5.230 ; 5.230 ; 5.230 ;
; x[2]       ; p[3]        ; 5.284 ; 5.284 ; 5.284 ; 5.284 ;
; x[2]       ; p[4]        ; 5.330 ; 5.330 ; 5.330 ; 5.330 ;
; x[2]       ; p[5]        ; 5.315 ; 5.315 ; 5.315 ; 5.315 ;
; x[2]       ; p[6]        ; 5.442 ; 5.442 ; 5.442 ; 5.442 ;
; x[2]       ; p[7]        ; 5.594 ; 5.594 ; 5.594 ; 5.594 ;
; x[2]       ; p[8]        ; 5.722 ; 5.722 ; 5.722 ; 5.722 ;
; x[2]       ; p[9]        ; 5.579 ; 5.579 ; 5.579 ; 5.579 ;
; x[2]       ; p[10]       ; 5.678 ; 5.678 ; 5.678 ; 5.678 ;
; x[2]       ; p[11]       ; 5.513 ; 5.513 ; 5.513 ; 5.513 ;
; x[2]       ; p[12]       ; 6.087 ; 6.087 ; 6.087 ; 6.087 ;
; x[2]       ; p[13]       ; 6.019 ; 6.019 ; 6.019 ; 6.019 ;
; x[2]       ; p[14]       ; 6.351 ; 6.351 ; 6.351 ; 6.351 ;
; x[2]       ; p[15]       ; 6.687 ; 6.991 ; 6.991 ; 6.687 ;
; x[3]       ; p[3]        ; 5.314 ; 5.314 ; 5.314 ; 5.314 ;
; x[3]       ; p[4]        ; 5.526 ; 5.526 ; 5.526 ; 5.526 ;
; x[3]       ; p[5]        ; 5.473 ; 5.473 ; 5.473 ; 5.473 ;
; x[3]       ; p[6]        ; 5.778 ; 5.778 ; 5.778 ; 5.778 ;
; x[3]       ; p[7]        ; 5.954 ; 5.954 ; 5.954 ; 5.954 ;
; x[3]       ; p[8]        ; 5.981 ; 5.981 ; 5.981 ; 5.981 ;
; x[3]       ; p[9]        ; 5.656 ; 5.656 ; 5.656 ; 5.656 ;
; x[3]       ; p[10]       ; 5.710 ; 5.710 ; 5.710 ; 5.710 ;
; x[3]       ; p[11]       ; 5.140 ; 5.140 ; 5.140 ; 5.140 ;
; x[3]       ; p[12]       ; 5.714 ; 5.714 ; 5.714 ; 5.714 ;
; x[3]       ; p[13]       ; 5.646 ; 5.646 ; 5.646 ; 5.646 ;
; x[3]       ; p[14]       ; 5.978 ; 5.978 ; 5.978 ; 5.978 ;
; x[3]       ; p[15]       ; 6.314 ; 6.615 ; 6.615 ; 6.314 ;
; x[4]       ; p[4]        ; 5.303 ; 5.303 ; 5.303 ; 5.303 ;
; x[4]       ; p[5]        ; 5.522 ; 5.522 ; 5.522 ; 5.522 ;
; x[4]       ; p[6]        ; 5.336 ; 5.336 ; 5.336 ; 5.336 ;
; x[4]       ; p[7]        ; 5.721 ; 5.721 ; 5.721 ; 5.721 ;
; x[4]       ; p[8]        ; 5.146 ; 5.146 ; 5.146 ; 5.146 ;
; x[4]       ; p[9]        ; 5.354 ; 5.354 ; 5.354 ; 5.354 ;
; x[4]       ; p[10]       ; 5.348 ; 5.348 ; 5.348 ; 5.348 ;
; x[4]       ; p[11]       ; 5.124 ; 5.124 ; 5.124 ; 5.124 ;
; x[4]       ; p[12]       ; 5.387 ; 5.387 ; 5.387 ; 5.387 ;
; x[4]       ; p[13]       ; 5.255 ; 5.255 ; 5.255 ; 5.255 ;
; x[4]       ; p[14]       ; 5.587 ; 5.587 ; 5.587 ; 5.587 ;
; x[4]       ; p[15]       ; 5.923 ; 6.132 ; 6.132 ; 5.923 ;
; x[5]       ; p[5]        ; 5.798 ; 5.798 ; 5.798 ; 5.798 ;
; x[5]       ; p[6]        ; 6.072 ; 6.072 ; 6.072 ; 6.072 ;
; x[5]       ; p[7]        ; 6.077 ; 6.077 ; 6.077 ; 6.077 ;
; x[5]       ; p[8]        ; 5.964 ; 5.964 ; 5.964 ; 5.964 ;
; x[5]       ; p[9]        ; 5.559 ; 5.559 ; 5.559 ; 5.559 ;
; x[5]       ; p[10]       ; 6.337 ; 6.337 ; 6.337 ; 6.337 ;
; x[5]       ; p[11]       ; 4.690 ; 4.690 ; 4.690 ; 4.690 ;
; x[5]       ; p[12]       ; 4.828 ; 4.828 ; 4.828 ; 4.828 ;
; x[5]       ; p[13]       ; 4.627 ; 4.627 ; 4.627 ; 4.627 ;
; x[5]       ; p[14]       ; 4.962 ; 4.962 ; 4.962 ; 4.962 ;
; x[5]       ; p[15]       ; 5.298 ; 5.436 ; 5.436 ; 5.298 ;
; x[6]       ; p[6]        ; 6.345 ; 6.345 ; 6.345 ; 6.345 ;
; x[6]       ; p[7]        ; 6.216 ; 6.216 ; 6.216 ; 6.216 ;
; x[6]       ; p[8]        ; 6.114 ; 6.114 ; 6.114 ; 6.114 ;
; x[6]       ; p[9]        ; 6.054 ; 6.054 ; 6.054 ; 6.054 ;
; x[6]       ; p[10]       ; 6.453 ; 6.453 ; 6.453 ; 6.453 ;
; x[6]       ; p[11]       ; 5.331 ; 5.331 ; 5.331 ; 5.331 ;
; x[6]       ; p[12]       ; 3.038 ; 3.038 ; 3.038 ; 3.038 ;
; x[6]       ; p[13]       ; 2.735 ; 2.735 ; 2.735 ; 2.735 ;
; x[6]       ; p[14]       ; 3.008 ; 3.008 ; 3.008 ; 3.008 ;
; x[6]       ; p[15]       ; 3.344 ; 3.589 ; 3.589 ; 3.344 ;
; x[7]       ; p[7]        ; 6.671 ; 6.671 ; 6.671 ; 6.671 ;
; x[7]       ; p[8]        ; 6.435 ; 6.435 ; 6.435 ; 6.435 ;
; x[7]       ; p[9]        ; 6.580 ; 6.580 ; 6.580 ; 6.580 ;
; x[7]       ; p[10]       ; 6.493 ; 6.493 ; 6.493 ; 6.493 ;
; x[7]       ; p[11]       ; 5.341 ; 5.341 ; 5.341 ; 5.341 ;
; x[7]       ; p[12]       ; 5.195 ; 5.195 ; 5.195 ; 5.195 ;
; x[7]       ; p[13]       ; 4.808 ; 4.808 ; 4.808 ; 4.808 ;
; x[7]       ; p[14]       ; 4.608 ; 4.608 ; 4.608 ; 4.608 ;
; x[7]       ; p[15]       ; 4.943 ; 5.496 ; 5.496 ; 4.943 ;
; y[0]       ; p[0]        ; 5.924 ;       ;       ; 5.924 ;
; y[0]       ; p[1]        ; 5.024 ; 5.024 ; 5.024 ; 5.024 ;
; y[0]       ; p[2]        ; 5.315 ; 5.315 ; 5.315 ; 5.315 ;
; y[0]       ; p[3]        ; 5.415 ; 5.415 ; 5.415 ; 5.415 ;
; y[0]       ; p[4]        ; 5.603 ; 5.603 ; 5.603 ; 5.603 ;
; y[0]       ; p[5]        ; 5.686 ; 5.686 ; 5.686 ; 5.686 ;
; y[0]       ; p[6]        ; 5.960 ; 5.960 ; 5.960 ; 5.960 ;
; y[0]       ; p[7]        ; 6.421 ; 6.421 ; 6.421 ; 6.421 ;
; y[0]       ; p[8]        ; 6.374 ; 6.374 ; 6.374 ; 6.374 ;
; y[0]       ; p[9]        ; 6.519 ; 6.519 ; 6.519 ; 6.519 ;
; y[0]       ; p[10]       ; 7.421 ; 7.421 ; 7.421 ; 7.421 ;
; y[0]       ; p[11]       ; 7.162 ; 7.162 ; 7.162 ; 7.162 ;
; y[0]       ; p[12]       ; 7.716 ; 7.716 ; 7.716 ; 7.716 ;
; y[0]       ; p[13]       ; 7.480 ; 7.480 ; 7.480 ; 7.480 ;
; y[0]       ; p[14]       ; 7.819 ; 7.819 ; 7.819 ; 7.819 ;
; y[0]       ; p[15]       ; 8.155 ; 8.155 ; 8.155 ; 8.155 ;
; y[1]       ; p[1]        ; 4.968 ; 4.968 ; 4.968 ; 4.968 ;
; y[1]       ; p[2]        ; 5.334 ; 5.334 ; 5.334 ; 5.334 ;
; y[1]       ; p[3]        ; 5.312 ; 5.312 ; 5.312 ; 5.312 ;
; y[1]       ; p[4]        ; 5.603 ; 5.603 ; 5.603 ; 5.603 ;
; y[1]       ; p[5]        ; 5.822 ; 5.822 ; 5.822 ; 5.822 ;
; y[1]       ; p[6]        ; 6.127 ; 6.127 ; 6.127 ; 6.127 ;
; y[1]       ; p[7]        ; 6.560 ; 6.560 ; 6.560 ; 6.560 ;
; y[1]       ; p[8]        ; 6.572 ; 6.572 ; 6.572 ; 6.572 ;
; y[1]       ; p[9]        ; 6.717 ; 6.717 ; 6.717 ; 6.717 ;
; y[1]       ; p[10]       ; 7.624 ; 7.624 ; 7.624 ; 7.624 ;
; y[1]       ; p[11]       ; 7.365 ; 7.365 ; 7.365 ; 7.365 ;
; y[1]       ; p[12]       ; 7.919 ; 7.919 ; 7.919 ; 7.919 ;
; y[1]       ; p[13]       ; 7.683 ; 7.683 ; 7.683 ; 7.683 ;
; y[1]       ; p[14]       ; 8.022 ; 8.022 ; 8.022 ; 8.022 ;
; y[1]       ; p[15]       ; 8.358 ; 8.358 ; 8.358 ; 8.358 ;
; y[2]       ; p[2]        ; 5.094 ; 5.094 ; 5.094 ; 5.094 ;
; y[2]       ; p[3]        ; 5.007 ; 5.007 ; 5.007 ; 5.007 ;
; y[2]       ; p[4]        ; 5.266 ; 5.266 ; 5.266 ; 5.266 ;
; y[2]       ; p[5]        ; 5.316 ; 5.316 ; 5.316 ; 5.316 ;
; y[2]       ; p[6]        ; 5.513 ; 5.513 ; 5.513 ; 5.513 ;
; y[2]       ; p[7]        ; 5.897 ; 5.897 ; 5.897 ; 5.897 ;
; y[2]       ; p[8]        ; 6.173 ; 6.173 ; 6.173 ; 6.173 ;
; y[2]       ; p[9]        ; 6.239 ; 6.239 ; 6.239 ; 6.239 ;
; y[2]       ; p[10]       ; 6.904 ; 6.904 ; 6.904 ; 6.904 ;
; y[2]       ; p[11]       ; 6.645 ; 6.645 ; 6.645 ; 6.645 ;
; y[2]       ; p[12]       ; 7.199 ; 7.199 ; 7.199 ; 7.199 ;
; y[2]       ; p[13]       ; 6.963 ; 6.963 ; 6.963 ; 6.963 ;
; y[2]       ; p[14]       ; 7.302 ; 7.302 ; 7.302 ; 7.302 ;
; y[2]       ; p[15]       ; 7.638 ; 7.638 ; 7.638 ; 7.638 ;
; y[3]       ; p[3]        ; 4.861 ; 4.861 ; 4.861 ; 4.861 ;
; y[3]       ; p[4]        ; 5.181 ; 5.181 ; 5.181 ; 5.181 ;
; y[3]       ; p[5]        ; 5.066 ; 5.066 ; 5.066 ; 5.066 ;
; y[3]       ; p[6]        ; 5.371 ; 5.371 ; 5.371 ; 5.371 ;
; y[3]       ; p[7]        ; 5.804 ; 5.804 ; 5.804 ; 5.804 ;
; y[3]       ; p[8]        ; 6.100 ; 6.100 ; 6.100 ; 6.100 ;
; y[3]       ; p[9]        ; 6.115 ; 6.115 ; 6.115 ; 6.115 ;
; y[3]       ; p[10]       ; 6.465 ; 6.465 ; 6.465 ; 6.465 ;
; y[3]       ; p[11]       ; 6.207 ; 6.207 ; 6.207 ; 6.207 ;
; y[3]       ; p[12]       ; 6.761 ; 6.761 ; 6.761 ; 6.761 ;
; y[3]       ; p[13]       ; 6.525 ; 6.525 ; 6.525 ; 6.525 ;
; y[3]       ; p[14]       ; 6.864 ; 6.864 ; 6.864 ; 6.864 ;
; y[3]       ; p[15]       ; 7.200 ; 7.200 ; 7.200 ; 7.200 ;
; y[4]       ; p[4]        ; 5.397 ; 5.397 ; 5.397 ; 5.397 ;
; y[4]       ; p[5]        ; 5.389 ; 5.389 ; 5.389 ; 5.389 ;
; y[4]       ; p[6]        ; 5.124 ; 5.124 ; 5.124 ; 5.124 ;
; y[4]       ; p[7]        ; 5.424 ; 5.424 ; 5.424 ; 5.424 ;
; y[4]       ; p[8]        ; 5.341 ; 5.341 ; 5.341 ; 5.341 ;
; y[4]       ; p[9]        ; 5.550 ; 5.550 ; 5.550 ; 5.550 ;
; y[4]       ; p[10]       ; 6.212 ; 6.212 ; 6.212 ; 6.212 ;
; y[4]       ; p[11]       ; 5.325 ; 5.325 ; 5.325 ; 5.325 ;
; y[4]       ; p[12]       ; 5.649 ; 5.649 ; 5.649 ; 5.649 ;
; y[4]       ; p[13]       ; 5.410 ; 5.410 ; 5.410 ; 5.410 ;
; y[4]       ; p[14]       ; 5.749 ; 5.749 ; 5.749 ; 5.749 ;
; y[4]       ; p[15]       ; 6.085 ; 6.085 ; 6.085 ; 6.085 ;
; y[5]       ; p[5]        ; 5.579 ; 5.579 ; 5.579 ; 5.579 ;
; y[5]       ; p[6]        ; 5.076 ; 5.076 ; 5.076 ; 5.076 ;
; y[5]       ; p[7]        ; 5.505 ; 5.505 ; 5.505 ; 5.505 ;
; y[5]       ; p[8]        ; 5.556 ; 5.556 ; 5.556 ; 5.556 ;
; y[5]       ; p[9]        ; 5.742 ; 5.742 ; 5.742 ; 5.742 ;
; y[5]       ; p[10]       ; 6.359 ; 6.359 ; 6.359 ; 6.359 ;
; y[5]       ; p[11]       ; 5.307 ; 5.307 ; 5.307 ; 5.307 ;
; y[5]       ; p[12]       ; 5.318 ; 5.318 ; 5.318 ; 5.318 ;
; y[5]       ; p[13]       ; 5.080 ; 5.080 ; 5.080 ; 5.080 ;
; y[5]       ; p[14]       ; 5.419 ; 5.419 ; 5.419 ; 5.419 ;
; y[5]       ; p[15]       ; 5.755 ; 5.755 ; 5.755 ; 5.755 ;
; y[6]       ; p[6]        ; 5.699 ; 5.699 ; 5.699 ; 5.699 ;
; y[6]       ; p[7]        ; 5.332 ; 5.332 ; 5.332 ; 5.332 ;
; y[6]       ; p[8]        ; 5.603 ; 5.603 ; 5.603 ; 5.603 ;
; y[6]       ; p[9]        ; 5.192 ; 5.192 ; 5.192 ; 5.192 ;
; y[6]       ; p[10]       ; 5.428 ; 5.428 ; 5.428 ; 5.428 ;
; y[6]       ; p[11]       ; 5.017 ; 5.017 ; 5.017 ; 5.017 ;
; y[6]       ; p[12]       ; 5.358 ; 5.358 ; 5.358 ; 5.358 ;
; y[6]       ; p[13]       ; 4.979 ; 4.979 ; 4.979 ; 4.979 ;
; y[6]       ; p[14]       ; 5.172 ; 5.172 ; 5.172 ; 5.172 ;
; y[6]       ; p[15]       ; 5.508 ; 5.749 ; 5.749 ; 5.508 ;
; y[7]       ; p[7]        ; 5.490 ; 5.490 ; 5.490 ; 5.490 ;
; y[7]       ; p[8]        ; 5.766 ; 5.766 ; 5.766 ; 5.766 ;
; y[7]       ; p[9]        ; 5.600 ; 5.600 ; 5.600 ; 5.600 ;
; y[7]       ; p[10]       ; 5.781 ; 5.781 ; 5.781 ; 5.781 ;
; y[7]       ; p[11]       ; 5.149 ; 5.149 ; 5.149 ; 5.149 ;
; y[7]       ; p[12]       ; 5.305 ; 5.305 ; 5.305 ; 5.305 ;
; y[7]       ; p[13]       ; 5.001 ; 5.001 ; 5.001 ; 5.001 ;
; y[7]       ; p[14]       ; 4.883 ; 4.883 ; 4.883 ; 4.883 ;
; y[7]       ; p[15]       ; 5.219 ; 5.776 ; 5.776 ; 5.219 ;
+------------+-------------+-------+-------+-------+-------+


-------------------
; Clock Transfers ;
-------------------
Nothing to report.


---------------
; Report TCCS ;
---------------
No dedicated SERDES Transmitter circuitry present in device or used in design


---------------
; Report RSKM ;
---------------
No dedicated SERDES Receiver circuitry present in device or used in design


+------------------------------------------------+
; Unconstrained Paths                            ;
+---------------------------------+-------+------+
; Property                        ; Setup ; Hold ;
+---------------------------------+-------+------+
; Illegal Clocks                  ; 0     ; 0    ;
; Unconstrained Clocks            ; 0     ; 0    ;
; Unconstrained Input Ports       ; 16    ; 16   ;
; Unconstrained Input Port Paths  ; 200   ; 200  ;
; Unconstrained Output Ports      ; 16    ; 16   ;
; Unconstrained Output Port Paths ; 200   ; 200  ;
+---------------------------------+-------+------+


+------------------------------------+
; TimeQuest Timing Analyzer Messages ;
+------------------------------------+
Info: *******************************************************************
Info: Running Quartus II TimeQuest Timing Analyzer
    Info: Version 9.1 Build 222 10/21/2009 SJ Web Edition
    Info: Processing started: Sat May 07 01:05:19 2016
Info: Command: quartus_sta e_e_amm -c e_e_amm
Info: qsta_default_script.tcl version: #2
Info: Reading SDC File: 'e_e_amm.sdc'
Info: No user constrained base clocks found in the design. Calling "derive_clocks -period 1.0"
Info: The command derive_clocks did not find any clocks to derive.  No clocks were created or changed.
Warning: No clocks defined in design.
Info: No clocks to report
Info: Analyzing Slow Model
Info: No fmax paths to report
Info: No Setup paths to report
Info: No Hold paths to report
Info: No Recovery paths to report
Info: No Removal paths to report
Info: No Minimum Pulse Width paths to report
Info: The selected device family is not supported by the report_metastability command.
Info: Analyzing Fast Model
Info: Started post-fitting delay annotation
Warning: Found 16 output pins without output pin load capacitance assignment
    Info: Pin "p[0]" has no specified output pin load capacitance -- assuming default load capacitance of 0 pF for timing analysis
    Info: Pin "p[1]" has no specified output pin load capacitance -- assuming default load capacitance of 0 pF for timing analysis
    Info: Pin "p[2]" has no specified output pin load capacitance -- assuming default load capacitance of 0 pF for timing analysis
    Info: Pin "p[3]" has no specified output pin load capacitance -- assuming default load capacitance of 0 pF for timing analysis
    Info: Pin "p[4]" has no specified output pin load capacitance -- assuming default load capacitance of 0 pF for timing analysis
    Info: Pin "p[5]" has no specified output pin load capacitance -- assuming default load capacitance of 0 pF for timing analysis
    Info: Pin "p[6]" has no specified output pin load capacitance -- assuming default load capacitance of 0 pF for timing analysis
    Info: Pin "p[7]" has no specified output pin load capacitance -- assuming default load capacitance of 0 pF for timing analysis
    Info: Pin "p[8]" has no specified output pin load capacitance -- assuming default load capacitance of 0 pF for timing analysis
    Info: Pin "p[9]" has no specified output pin load capacitance -- assuming default load capacitance of 0 pF for timing analysis
    Info: Pin "p[10]" has no specified output pin load capacitance -- assuming default load capacitance of 0 pF for timing analysis
    Info: Pin "p[11]" has no specified output pin load capacitance -- assuming default load capacitance of 0 pF for timing analysis
    Info: Pin "p[12]" has no specified output pin load capacitance -- assuming default load capacitance of 0 pF for timing analysis
    Info: Pin "p[13]" has no specified output pin load capacitance -- assuming default load capacitance of 0 pF for timing analysis
    Info: Pin "p[14]" has no specified output pin load capacitance -- assuming default load capacitance of 0 pF for timing analysis
    Info: Pin "p[15]" has no specified output pin load capacitance -- assuming default load capacitance of 0 pF for timing analysis
Info: Delay annotation completed successfully
Info: No user constrained base clocks found in the design. Calling "derive_clocks -period 1.0"
Info: The command derive_clocks did not find any clocks to derive.  No clocks were created or changed.
Warning: No clocks defined in design.
Info: No Setup paths to report
Info: No Hold paths to report
Info: No Recovery paths to report
Info: No Removal paths to report
Info: No Minimum Pulse Width paths to report
Info: The selected device family is not supported by the report_metastability command.
Info: Design is not fully constrained for setup requirements
Info: Design is not fully constrained for hold requirements
Info: Quartus II TimeQuest Timing Analyzer was successful. 0 errors, 3 warnings
    Info: Peak virtual memory: 212 megabytes
    Info: Processing ended: Sat May 07 01:05:21 2016
    Info: Elapsed time: 00:00:02
    Info: Total CPU time (on all processors): 00:00:01


