Classic Timing Analyzer report for add_mm
Sat Apr 09 13:10:53 2016
Quartus II Version 9.1 Build 222 10/21/2009 SJ Web Edition


---------------------
; Table of Contents ;
---------------------
  1. Legal Notice
  2. Timing Analyzer Summary
  3. Timing Analyzer Settings
  4. Parallel Compilation
  5. tpd
  6. Timing Analyzer Messages



----------------
; Legal Notice ;
----------------
Copyright (C) 1991-2009 Altera Corporation
Your use of Altera Corporation's design tools, logic functions 
and other software and tools, and its AMPP partner logic 
functions, and any output files from any of the foregoing 
(including device programming or simulation files), and any 
associated documentation or information are expressly subject 
to the terms and conditions of the Altera Program License 
Subscription Agreement, Altera MegaCore Function License 
Agreement, or other applicable license agreement, including, 
without limitation, that your use is for the sole purpose of 
programming logic devices manufactured by Altera and sold by 
Altera or its authorized distributors.  Please refer to the 
applicable agreement for further details.



+-------------------------------------------------------------------------------------------------------------------------+
; Timing Analyzer Summary                                                                                                 ;
+------------------------------+-------+---------------+-------------+------+------+------------+----------+--------------+
; Type                         ; Slack ; Required Time ; Actual Time ; From ; To   ; From Clock ; To Clock ; Failed Paths ;
+------------------------------+-------+---------------+-------------+------+------+------------+----------+--------------+
; Worst-case tpd               ; N/A   ; None          ; 10.603 ns   ; b[1] ; p[4] ; --         ; --       ; 0            ;
; Total number of failed paths ;       ;               ;             ;      ;      ;            ;          ; 0            ;
+------------------------------+-------+---------------+-------------+------+------+------------+----------+--------------+


+-----------------------------------------------------------------------------------------------------------------------------------------------------+
; Timing Analyzer Settings                                                                                                                            ;
+------------------------------------------------------------------------------------------------------+--------------------+------+----+-------------+
; Option                                                                                               ; Setting            ; From ; To ; Entity Name ;
+------------------------------------------------------------------------------------------------------+--------------------+------+----+-------------+
; Device Name                                                                                          ; EP2S15F484C3       ;      ;    ;             ;
; Timing Models                                                                                        ; Final              ;      ;    ;             ;
; Default hold multicycle                                                                              ; Same as Multicycle ;      ;    ;             ;
; Cut paths between unrelated clock domains                                                            ; On                 ;      ;    ;             ;
; Cut off read during write signal paths                                                               ; On                 ;      ;    ;             ;
; Cut off feedback from I/O pins                                                                       ; On                 ;      ;    ;             ;
; Report Combined Fast/Slow Timing                                                                     ; Off                ;      ;    ;             ;
; Ignore Clock Settings                                                                                ; Off                ;      ;    ;             ;
; Analyze latches as synchronous elements                                                              ; On                 ;      ;    ;             ;
; Enable Recovery/Removal analysis                                                                     ; Off                ;      ;    ;             ;
; Enable Clock Latency                                                                                 ; Off                ;      ;    ;             ;
; Use TimeQuest Timing Analyzer                                                                        ; Off                ;      ;    ;             ;
; Number of source nodes to report per destination node                                                ; 10                 ;      ;    ;             ;
; Number of destination nodes to report                                                                ; 10                 ;      ;    ;             ;
; Number of paths to report                                                                            ; 200                ;      ;    ;             ;
; Report Minimum Timing Checks                                                                         ; Off                ;      ;    ;             ;
; Use Fast Timing Models                                                                               ; Off                ;      ;    ;             ;
; Report IO Paths Separately                                                                           ; Off                ;      ;    ;             ;
; Perform Multicorner Analysis                                                                         ; On                 ;      ;    ;             ;
; Reports the worst-case path for each clock domain and analysis                                       ; Off                ;      ;    ;             ;
; Reports worst-case timing paths for each clock domain and analysis                                   ; Off                ;      ;    ;             ;
; Specifies the maximum number of worst-case timing paths to report for each clock domain and analysis ; 100                ;      ;    ;             ;
; Removes common clock path pessimism (CCPP) during slack computation                                  ; Off                ;      ;    ;             ;
; Output I/O Timing Endpoint                                                                           ; Near End           ;      ;    ;             ;
+------------------------------------------------------------------------------------------------------+--------------------+------+----+-------------+


Parallel compilation was disabled, but you have multiple processors available. Enable parallel compilation to reduce compilation time.
+-------------------------------------+
; Parallel Compilation                ;
+----------------------------+--------+
; Processors                 ; Number ;
+----------------------------+--------+
; Number detected on machine ; 2      ;
; Maximum allowed            ; 1      ;
+----------------------------+--------+


+-----------------------------------------------------------+
; tpd                                                       ;
+-------+-------------------+-----------------+------+------+
; Slack ; Required P2P Time ; Actual P2P Time ; From ; To   ;
+-------+-------------------+-----------------+------+------+
; N/A   ; None              ; 10.603 ns       ; b[1] ; p[4] ;
; N/A   ; None              ; 10.581 ns       ; b[0] ; p[4] ;
; N/A   ; None              ; 10.555 ns       ; b[0] ; p[5] ;
; N/A   ; None              ; 10.554 ns       ; b[0] ; p[3] ;
; N/A   ; None              ; 10.502 ns       ; b[0] ; p[2] ;
; N/A   ; None              ; 10.366 ns       ; b[1] ; p[5] ;
; N/A   ; None              ; 10.356 ns       ; b[1] ; p[3] ;
; N/A   ; None              ; 10.312 ns       ; b[1] ; p[2] ;
; N/A   ; None              ; 10.109 ns       ; a[2] ; p[4] ;
; N/A   ; None              ; 10.030 ns       ; a[2] ; p[2] ;
; N/A   ; None              ; 9.970 ns        ; a[2] ; p[5] ;
; N/A   ; None              ; 9.960 ns        ; a[3] ; p[5] ;
; N/A   ; None              ; 9.960 ns        ; a[2] ; p[3] ;
; N/A   ; None              ; 9.954 ns        ; a[3] ; p[3] ;
; N/A   ; None              ; 9.611 ns        ; a[3] ; p[4] ;
; N/A   ; None              ; 9.498 ns        ; a[1] ; p[3] ;
; N/A   ; None              ; 9.460 ns        ; a[0] ; p[2] ;
; N/A   ; None              ; 9.459 ns        ; a[1] ; p[4] ;
; N/A   ; None              ; 9.431 ns        ; a[0] ; p[3] ;
; N/A   ; None              ; 9.411 ns        ; a[1] ; p[2] ;
; N/A   ; None              ; 8.968 ns        ; b[0] ; p[0] ;
; N/A   ; None              ; 8.644 ns        ; b[0] ; p[1] ;
; N/A   ; None              ; 8.455 ns        ; b[1] ; p[1] ;
; N/A   ; None              ; 8.119 ns        ; a[0] ; p[0] ;
; N/A   ; None              ; 7.795 ns        ; a[0] ; p[1] ;
; N/A   ; None              ; 7.522 ns        ; a[1] ; p[1] ;
+-------+-------------------+-----------------+------+------+


+--------------------------+
; Timing Analyzer Messages ;
+--------------------------+
Info: *******************************************************************
Info: Running Quartus II Classic Timing Analyzer
    Info: Version 9.1 Build 222 10/21/2009 SJ Web Edition
    Info: Processing started: Sat Apr 09 13:10:52 2016
Info: Command: quartus_tan --read_settings_files=off --write_settings_files=off add_mm -c add_mm --timing_analysis_only
Info: Longest tpd from source pin "b[1]" to destination pin "p[4]" is 10.603 ns
    Info: 1: + IC(0.000 ns) + CELL(0.820 ns) = 0.820 ns; Loc. = PIN_K1; Fanout = 5; PIN Node = 'b[1]'
    Info: 2: + IC(5.029 ns) + CELL(0.228 ns) = 6.077 ns; Loc. = LCCOMB_X37_Y3_N20; Fanout = 1; COMB Node = 'full_adder_test:fa8|sum'
    Info: 3: + IC(2.544 ns) + CELL(1.982 ns) = 10.603 ns; Loc. = PIN_C5; Fanout = 0; PIN Node = 'p[4]'
    Info: Total cell delay = 3.030 ns ( 28.58 % )
    Info: Total interconnect delay = 7.573 ns ( 71.42 % )
Info: Quartus II Classic Timing Analyzer was successful. 0 errors, 0 warnings
    Info: Peak virtual memory: 187 megabytes
    Info: Processing ended: Sat Apr 09 13:10:53 2016
    Info: Elapsed time: 00:00:01
    Info: Total CPU time (on all processors): 00:00:00


