Flow report for nbyn_amm
Sat May 07 01:36:16 2016
Quartus II Version 9.1 Build 222 10/21/2009 SJ Web Edition


---------------------
; Table of Contents ;
---------------------
  1. Legal Notice
  2. Flow Summary
  3. Flow Settings
  4. Flow Non-Default Global Settings
  5. Flow Elapsed Time
  6. Flow OS Summary
  7. Flow Log



----------------
; Legal Notice ;
----------------
Copyright (C) 1991-2009 Altera Corporation
Your use of Altera Corporation's design tools, logic functions 
and other software and tools, and its AMPP partner logic 
functions, and any output files from any of the foregoing 
(including device programming or simulation files), and any 
associated documentation or information are expressly subject 
to the terms and conditions of the Altera Program License 
Subscription Agreement, Altera MegaCore Function License 
Agreement, or other applicable license agreement, including, 
without limitation, that your use is for the sole purpose of 
programming logic devices manufactured by Altera and sold by 
Altera or its authorized distributors.  Please refer to the 
applicable agreement for further details.



+------------------------------------------------------------------------------+
; Flow Summary                                                                 ;
+------------------------------------+-----------------------------------------+
; Flow Status                        ; Successful - Sat May 07 01:36:16 2016   ;
; Quartus II Version                 ; 9.1 Build 222 10/21/2009 SJ Web Edition ;
; Revision Name                      ; nbyn_amm                                ;
; Top-level Entity Name              ; nbyn_amm                                ;
; Family                             ; Cyclone II                              ;
; Met timing requirements            ; Yes                                     ;
; Total logic elements               ; 2,425 / 4,608 ( 53 % )                  ;
;     Total combinational functions  ; 2,425 / 4,608 ( 53 % )                  ;
;     Dedicated logic registers      ; 768 / 4,608 ( 17 % )                    ;
; Total registers                    ; 768                                     ;
; Total pins                         ; 129 / 158 ( 82 % )                      ;
; Total virtual pins                 ; 0                                       ;
; Total memory bits                  ; 0 / 119,808 ( 0 % )                     ;
; Embedded Multiplier 9-bit elements ; 0 / 26 ( 0 % )                          ;
; Total PLLs                         ; 0 / 2 ( 0 % )                           ;
; Device                             ; EP2C5F256C6                             ;
; Timing Models                      ; Final                                   ;
+------------------------------------+-----------------------------------------+


+-----------------------------------------+
; Flow Settings                           ;
+-------------------+---------------------+
; Option            ; Setting             ;
+-------------------+---------------------+
; Start date & time ; 05/07/2016 01:35:56 ;
; Main task         ; Compilation         ;
; Revision Name     ; nbyn_amm            ;
+-------------------+---------------------+


+--------------------------------------------------------------------------------------------------------------------+
; Flow Non-Default Global Settings                                                                                   ;
+------------------------------------+--------------------------------+---------------+-------------+----------------+
; Assignment Name                    ; Value                          ; Default Value ; Entity Name ; Section Id     ;
+------------------------------------+--------------------------------+---------------+-------------+----------------+
; COMPILER_SIGNATURE_ID              ; 92524715601013.146259935600080 ; --            ; --          ; --             ;
; PARTITION_COLOR                    ; 16764057                       ; --            ; --          ; Top            ;
; PARTITION_NETLIST_TYPE             ; SOURCE                         ; --            ; --          ; Top            ;
; USE_GENERATED_PHYSICAL_CONSTRAINTS ; Off                            ; --            ; --          ; eda_blast_fpga ;
+------------------------------------+--------------------------------+---------------+-------------+----------------+


+-----------------------------------------------------------------------------------------------------------------------------+
; Flow Elapsed Time                                                                                                           ;
+-------------------------+--------------+-------------------------+---------------------+------------------------------------+
; Module Name             ; Elapsed Time ; Average Processors Used ; Peak Virtual Memory ; Total CPU Time (on all processors) ;
+-------------------------+--------------+-------------------------+---------------------+------------------------------------+
; Analysis & Synthesis    ; 00:00:09     ; 1.0                     ; 260 MB              ; 00:00:09                           ;
; Fitter                  ; 00:00:06     ; 1.0                     ; 245 MB              ; 00:00:06                           ;
; Assembler               ; 00:00:00     ; 1.0                     ; 216 MB              ; 00:00:01                           ;
; Classic Timing Analyzer ; 00:00:01     ; 1.0                     ; 188 MB              ; 00:00:01                           ;
; Total                   ; 00:00:16     ; --                      ; --                  ; 00:00:17                           ;
+-------------------------+--------------+-------------------------+---------------------+------------------------------------+


+------------------------------------------------------------------------------------------+
; Flow OS Summary                                                                          ;
+-------------------------+------------------+---------------+------------+----------------+
; Module Name             ; Machine Hostname ; OS Name       ; OS Version ; Processor type ;
+-------------------------+------------------+---------------+------------+----------------+
; Analysis & Synthesis    ; DESKTOP-FJFV98K  ; Windows Vista ; 6.2        ; x86_64         ;
; Fitter                  ; DESKTOP-FJFV98K  ; Windows Vista ; 6.2        ; x86_64         ;
; Assembler               ; DESKTOP-FJFV98K  ; Windows Vista ; 6.2        ; x86_64         ;
; Classic Timing Analyzer ; DESKTOP-FJFV98K  ; Windows Vista ; 6.2        ; x86_64         ;
+-------------------------+------------------+---------------+------------+----------------+


------------
; Flow Log ;
------------
quartus_map --read_settings_files=on --write_settings_files=off nbyn_amm -c nbyn_amm
quartus_fit --read_settings_files=off --write_settings_files=off nbyn_amm -c nbyn_amm
quartus_asm --read_settings_files=off --write_settings_files=off nbyn_amm -c nbyn_amm
quartus_tan --read_settings_files=off --write_settings_files=off nbyn_amm -c nbyn_amm --timing_analysis_only



